2018-12-10 20:27:49,652 INFO [sound] [Main thread] [ALSoundManager.kt:53] OpenALC10: true
2018-12-10 20:27:49,654 INFO [sound] [Main thread] [ALSoundManager.kt:54] OpenALC11: true
2018-12-10 20:27:49,654 INFO [sound] [Main thread] [ALSoundManager.kt:55] caps.ALC_EXT_EFX = true
2018-12-10 20:27:49,656 DEBUG [sound] [Main thread] [ALSoundManager.kt:63] 0: OpenAL Soft on Realtek HD Audio 2nd output (Realtek High Definition Audio)
2018-12-10 20:27:49,656 DEBUG [sound] [Main thread] [ALSoundManager.kt:63] 1: OpenAL Soft on Realtek Digital Output (Realtek High Definition Audio)
2018-12-10 20:27:49,656 INFO [sound] [Main thread] [ALSoundManager.kt:69] Default device: OpenAL Soft
2018-12-10 20:27:49,675 INFO [sound] [Main thread] [ALSoundManager.kt:80] OpenAL context successfully created, version = 1.1 ALSOFT 1.19.1
2018-12-10 20:27:49,675 INFO [sound] [Main thread] [ALSoundManager.kt:81] OpenAL Extensions avaible : AL_EXT_ALAW AL_EXT_BFORMAT AL_EXT_DOUBLE AL_EXT_EXPONENT_DISTANCE AL_EXT_FLOAT32 AL_EXT_IMA4 AL_EXT_LINEAR_DISTANCE AL_EXT_MCFORMATS AL_EXT_MULAW AL_EXT_MULAW_BFORMAT AL_EXT_MULAW_MCFORMATS AL_EXT_OFFSET AL_EXT_source_distance_model AL_EXT_SOURCE_RADIUS AL_EXT_STEREO_ANGLES AL_LOKI_quadriphonic AL_SOFT_block_alignment AL_SOFT_deferred_updates AL_SOFT_direct_channels AL_SOFTX_events AL_SOFTX_filter_gain_ex AL_SOFT_gain_clamp_ex AL_SOFT_loop_points AL_SOFTX_map_buffer AL_SOFT_MSADPCM AL_SOFT_source_latency AL_SOFT_source_length AL_SOFT_source_resampler AL_SOFT_source_spatialize
2018-12-10 20:27:49,791 INFO [client.vulkan] [Main thread] [VulkanGraphicsBackend.kt:171] Successfully created Vulkan instance
2018-12-10 20:27:49,801 INFO [client.vulkan] [Main thread] [VulkanGraphicsBackend.kt:194] Successfully registered debug callback
2018-12-10 20:27:49,802 DEBUG [client.vulkan] [Main thread] [VulkanGraphicsBackend.kt:200] Enumerating physical devices...
2018-12-10 20:27:49,808 DEBUG [client.vulkan] [Main thread] [PhysicalDevice.kt:55] Available Vulkan extensions: [VK_KHR_sampler_mirror_clamp_to_edge, VK_KHR_shader_draw_parameters, VK_KHR_swapchain, VK_KHR_maintenance1, VK_KHR_maintenance2, VK_KHR_maintenance3, VK_KHR_relaxed_block_layout, VK_KHR_dedicated_allocation, VK_KHR_descriptor_update_template, VK_KHR_external_memory, VK_KHR_external_memory_win32, VK_KHR_device_group, VK_AMD_calibrated_timestamps, VK_KHX_device_group, VK_KHR_bind_memory2, VK_KHR_external_semaphore, VK_KHR_external_semaphore_win32, VK_AMD_rasterization_order, VK_AMD_shader_ballot, VK_AMD_shader_trinary_minmax, VK_AMD_shader_explicit_vertex_parameter, VK_AMD_gcn_shader, VK_AMD_draw_indirect_count, VK_KHR_draw_indirect_count, VK_AMD_shader_info, VK_EXT_sampler_filter_minmax, VK_AMD_shader_fragment_mask, VK_EXT_hdr_metadata, VK_EXT_swapchain_colorspace, VK_AMD_wave_limits, VK_AMD_texture_gather_bias_lod, VK_AMD_mixed_attachment_samples, VK_EXT_sample_locations, VK_EXT_shader_subgroup_vote, VK_KHR_16bit_storage, VK_KHR_storage_buffer_storage_class, VK_AMD_gpa_interface, VK_EXT_shader_subgroup_ballot, VK_EXT_shader_stencil_export, VK_EXT_shader_viewport_index_layer, VK_KHR_get_memory_requirements2, VK_KHR_image_format_list, VK_KHR_shader_atomic_int64, VK_KHR_driver_properties, VK_KHR_create_renderpass2, VK_KHR_8bit_storage, VK_KHR_multiview, VK_KHR_external_fence, VK_KHR_external_fence_win32, VK_KHR_win32_keyed_mutex, VK_EXT_global_priority, VK_AMD_buffer_marker, VK_AMD_shader_image_load_store_lod, VK_EXT_external_memory_host, VK_EXT_depth_range_unrestricted, VK_AMD_shader_core_properties, VK_EXT_queue_family_foreign, VK_EXT_descriptor_indexing, VK_KHR_variable_pointers, VK_EXT_vertex_attribute_divisor, VK_GOOGLE_hlsl_functionality1, VK_GOOGLE_decorate_string, VK_AMD_memory_overallocation_behavior]
2018-12-10 20:27:49,817 DEBUG [client.vulkan] [Main thread] [VulkanGraphicsBackend.kt:222] Selecting physical device...
2018-12-10 20:27:49,817 DEBUG [client.vulkan] [Main thread] [VulkanGraphicsBackend.kt:236] Picking physical device PhysicalDevice(deviceName='Radeon RX 580 Series', deviceType=DISCRETE_GPU, queueFamilies=[QueueFamily(index=0, maxInstances=1, canGraphics=true, canCompute=true, canTransfer=true, canPresent=true), QueueFamily(index=1, maxInstances=1, canGraphics=false, canCompute=true, canTransfer=true, canPresent=true), QueueFamily(index=2, maxInstances=1, canGraphics=false, canCompute=false, canTransfer=true, canPresent=true)])
2018-12-10 20:27:49,818 DEBUG [client.vulkan] [Main thread] [LogicalDevice.kt:28] Creating logical device
2018-12-10 20:27:50,037 DEBUG [client.vulkan] [Main thread] [LogicalDevice.kt:46] Queues we would like to have: [QueueRequest(family=QueueFamily(index=0, maxInstances=1, canGraphics=true, canCompute=true, canTransfer=true, canPresent=true), target=(io.xol.chunkstories.graphics.vulkan.devices.LogicalDevice.Queue) -> kotlin.Unit), QueueRequest(family=QueueFamily(index=0, maxInstances=1, canGraphics=true, canCompute=true, canTransfer=true, canPresent=true), target=(io.xol.chunkstories.graphics.vulkan.devices.LogicalDevice.Queue) -> kotlin.Unit), QueueRequest(family=QueueFamily(index=1, maxInstances=1, canGraphics=false, canCompute=true, canTransfer=true, canPresent=true), target=(io.xol.chunkstories.graphics.vulkan.devices.LogicalDevice.Queue) -> kotlin.Unit)]
2018-12-10 20:27:50,039 DEBUG [client.vulkan] [Main thread] [LogicalDevice.kt:49] Queues of the same family merged together: {QueueFamily(index=0, maxInstances=1, canGraphics=true, canCompute=true, canTransfer=true, canPresent=true)=[QueueRequest(family=QueueFamily(index=0, maxInstances=1, canGraphics=true, canCompute=true, canTransfer=true, canPresent=true), target=(io.xol.chunkstories.graphics.vulkan.devices.LogicalDevice.Queue) -> kotlin.Unit), QueueRequest(family=QueueFamily(index=0, maxInstances=1, canGraphics=true, canCompute=true, canTransfer=true, canPresent=true), target=(io.xol.chunkstories.graphics.vulkan.devices.LogicalDevice.Queue) -> kotlin.Unit)], QueueFamily(index=1, maxInstances=1, canGraphics=false, canCompute=true, canTransfer=true, canPresent=true)=[QueueRequest(family=QueueFamily(index=1, maxInstances=1, canGraphics=false, canCompute=true, canTransfer=true, canPresent=true), target=(io.xol.chunkstories.graphics.vulkan.devices.LogicalDevice.Queue) -> kotlin.Unit)]}
2018-12-10 20:27:50,040 INFO [client.vulkan] [Main thread] [LogicalDevice.kt:57] Max queueCount() of the queue family QueueFamily(index=0, maxInstances=1, canGraphics=true, canCompute=true, canTransfer=true, canPresent=true) is under the requested amount of queues for that type (2), queue aliasing will occur
2018-12-10 20:27:50,076 DEBUG [client.vulkan] [Main thread] [LogicalDevice.kt:133] Successfully created logical device LogicalDevice(handle=517493728, graphicsQueue=Queue(handle=VkQueue pointer [0x1ED94150], family=QueueFamily(index=0, maxInstances=1, canGraphics=true, canCompute=true, canTransfer=true, canPresent=true)))
2018-12-10 20:27:50,097 INFO [client.vulkan] [Main thread] [RenderPassHelpers.kt:15] Creating render pass
2018-12-10 20:27:50,104 DEBUG [client.vulkan] [Main thread] [SwapChain.kt:42] Creating swapchain...
2018-12-10 20:27:50,104 DEBUG [client.vulkan] [Main thread] [SwapChain.kt:48] Asking for 2 in the swapchain
2018-12-10 20:27:50,105 DEBUG [client.vulkan] [Main thread] [SwapChain.kt:58] Using presentation mode IMMEDIATE
2018-12-10 20:27:50,109 DEBUG [client.vulkan] [Main thread] [SwapChain.kt:85] swapchain successfully created, handle=518667760
2018-12-10 20:27:50,109 DEBUG [client.vulkan] [Main thread] [SwapChain.kt:96] grabbed 2 swap chain images : [520150016, 520151296]
2018-12-10 20:27:50,552 INFO [sound] [Thread-0] [ALSoundManager.kt:213] OpenAL properly shut down.
