2018-12-11 07:53:10,556 INFO [sound] [Main thread] [ALSoundManager.kt:53] OpenALC10: true
2018-12-11 07:53:10,558 INFO [sound] [Main thread] [ALSoundManager.kt:54] OpenALC11: true
2018-12-11 07:53:10,558 INFO [sound] [Main thread] [ALSoundManager.kt:55] caps.ALC_EXT_EFX = true
2018-12-11 07:53:10,560 DEBUG [sound] [Main thread] [ALSoundManager.kt:63] 0: OpenAL Soft on Realtek HD Audio 2nd output (Realtek High Definition Audio)
2018-12-11 07:53:10,560 DEBUG [sound] [Main thread] [ALSoundManager.kt:63] 1: OpenAL Soft on Realtek Digital Output (Realtek High Definition Audio)
2018-12-11 07:53:10,560 INFO [sound] [Main thread] [ALSoundManager.kt:69] Default device: OpenAL Soft
2018-12-11 07:53:10,578 INFO [sound] [Main thread] [ALSoundManager.kt:80] OpenAL context successfully created, version = 1.1 ALSOFT 1.19.1
2018-12-11 07:53:10,579 INFO [sound] [Main thread] [ALSoundManager.kt:81] OpenAL Extensions avaible : AL_EXT_ALAW AL_EXT_BFORMAT AL_EXT_DOUBLE AL_EXT_EXPONENT_DISTANCE AL_EXT_FLOAT32 AL_EXT_IMA4 AL_EXT_LINEAR_DISTANCE AL_EXT_MCFORMATS AL_EXT_MULAW AL_EXT_MULAW_BFORMAT AL_EXT_MULAW_MCFORMATS AL_EXT_OFFSET AL_EXT_source_distance_model AL_EXT_SOURCE_RADIUS AL_EXT_STEREO_ANGLES AL_LOKI_quadriphonic AL_SOFT_block_alignment AL_SOFT_deferred_updates AL_SOFT_direct_channels AL_SOFTX_events AL_SOFTX_filter_gain_ex AL_SOFT_gain_clamp_ex AL_SOFT_loop_points AL_SOFTX_map_buffer AL_SOFT_MSADPCM AL_SOFT_source_latency AL_SOFT_source_length AL_SOFT_source_resampler AL_SOFT_source_spatialize
2018-12-11 07:53:10,694 INFO [client.vulkan] [Main thread] [VulkanGraphicsBackend.kt:171] Successfully created Vulkan instance
2018-12-11 07:53:10,704 INFO [client.vulkan] [Main thread] [VulkanGraphicsBackend.kt:194] Successfully registered debug callback
2018-12-11 07:53:10,705 DEBUG [client.vulkan] [Main thread] [VulkanGraphicsBackend.kt:200] Enumerating physical devices...
2018-12-11 07:53:10,711 DEBUG [client.vulkan] [Main thread] [PhysicalDevice.kt:55] Available Vulkan extensions: [VK_KHR_sampler_mirror_clamp_to_edge, VK_KHR_shader_draw_parameters, VK_KHR_swapchain, VK_KHR_maintenance1, VK_KHR_maintenance2, VK_KHR_maintenance3, VK_KHR_relaxed_block_layout, VK_KHR_dedicated_allocation, VK_KHR_descriptor_update_template, VK_KHR_external_memory, VK_KHR_external_memory_win32, VK_KHR_device_group, VK_AMD_calibrated_timestamps, VK_KHX_device_group, VK_KHR_bind_memory2, VK_KHR_external_semaphore, VK_KHR_external_semaphore_win32, VK_AMD_rasterization_order, VK_AMD_shader_ballot, VK_AMD_shader_trinary_minmax, VK_AMD_shader_explicit_vertex_parameter, VK_AMD_gcn_shader, VK_AMD_draw_indirect_count, VK_KHR_draw_indirect_count, VK_AMD_shader_info, VK_EXT_sampler_filter_minmax, VK_AMD_shader_fragment_mask, VK_EXT_hdr_metadata, VK_EXT_swapchain_colorspace, VK_AMD_wave_limits, VK_AMD_texture_gather_bias_lod, VK_AMD_mixed_attachment_samples, VK_EXT_sample_locations, VK_EXT_shader_subgroup_vote, VK_KHR_16bit_storage, VK_KHR_storage_buffer_storage_class, VK_AMD_gpa_interface, VK_EXT_shader_subgroup_ballot, VK_EXT_shader_stencil_export, VK_EXT_shader_viewport_index_layer, VK_KHR_get_memory_requirements2, VK_KHR_image_format_list, VK_KHR_shader_atomic_int64, VK_KHR_driver_properties, VK_KHR_create_renderpass2, VK_KHR_8bit_storage, VK_KHR_multiview, VK_KHR_external_fence, VK_KHR_external_fence_win32, VK_KHR_win32_keyed_mutex, VK_EXT_global_priority, VK_AMD_buffer_marker, VK_AMD_shader_image_load_store_lod, VK_EXT_external_memory_host, VK_EXT_depth_range_unrestricted, VK_AMD_shader_core_properties, VK_EXT_queue_family_foreign, VK_EXT_descriptor_indexing, VK_KHR_variable_pointers, VK_EXT_vertex_attribute_divisor, VK_GOOGLE_hlsl_functionality1, VK_GOOGLE_decorate_string, VK_AMD_memory_overallocation_behavior]
2018-12-11 07:53:10,720 DEBUG [client.vulkan] [Main thread] [VulkanGraphicsBackend.kt:222] Selecting physical device...
2018-12-11 07:53:10,720 DEBUG [client.vulkan] [Main thread] [VulkanGraphicsBackend.kt:236] Picking physical device PhysicalDevice(deviceName='Radeon RX 580 Series', deviceType=DISCRETE_GPU, queueFamilies=[QueueFamily(index=0, maxInstances=1, canGraphics=true, canCompute=true, canTransfer=true, canPresent=true), QueueFamily(index=1, maxInstances=1, canGraphics=false, canCompute=true, canTransfer=true, canPresent=true), QueueFamily(index=2, maxInstances=1, canGraphics=false, canCompute=false, canTransfer=true, canPresent=true)])
2018-12-11 07:53:10,722 DEBUG [client.vulkan] [Main thread] [LogicalDevice.kt:28] Creating logical device
2018-12-11 07:53:10,933 DEBUG [client.vulkan] [Main thread] [LogicalDevice.kt:46] Queues we would like to have: [QueueRequest(family=QueueFamily(index=0, maxInstances=1, canGraphics=true, canCompute=true, canTransfer=true, canPresent=true), target=(io.xol.chunkstories.graphics.vulkan.devices.LogicalDevice.Queue) -> kotlin.Unit), QueueRequest(family=QueueFamily(index=0, maxInstances=1, canGraphics=true, canCompute=true, canTransfer=true, canPresent=true), target=(io.xol.chunkstories.graphics.vulkan.devices.LogicalDevice.Queue) -> kotlin.Unit), QueueRequest(family=QueueFamily(index=1, maxInstances=1, canGraphics=false, canCompute=true, canTransfer=true, canPresent=true), target=(io.xol.chunkstories.graphics.vulkan.devices.LogicalDevice.Queue) -> kotlin.Unit)]
2018-12-11 07:53:10,935 DEBUG [client.vulkan] [Main thread] [LogicalDevice.kt:49] Queues of the same family merged together: {QueueFamily(index=0, maxInstances=1, canGraphics=true, canCompute=true, canTransfer=true, canPresent=true)=[QueueRequest(family=QueueFamily(index=0, maxInstances=1, canGraphics=true, canCompute=true, canTransfer=true, canPresent=true), target=(io.xol.chunkstories.graphics.vulkan.devices.LogicalDevice.Queue) -> kotlin.Unit), QueueRequest(family=QueueFamily(index=0, maxInstances=1, canGraphics=true, canCompute=true, canTransfer=true, canPresent=true), target=(io.xol.chunkstories.graphics.vulkan.devices.LogicalDevice.Queue) -> kotlin.Unit)], QueueFamily(index=1, maxInstances=1, canGraphics=false, canCompute=true, canTransfer=true, canPresent=true)=[QueueRequest(family=QueueFamily(index=1, maxInstances=1, canGraphics=false, canCompute=true, canTransfer=true, canPresent=true), target=(io.xol.chunkstories.graphics.vulkan.devices.LogicalDevice.Queue) -> kotlin.Unit)]}
2018-12-11 07:53:10,937 INFO [client.vulkan] [Main thread] [LogicalDevice.kt:57] Max queueCount() of the queue family QueueFamily(index=0, maxInstances=1, canGraphics=true, canCompute=true, canTransfer=true, canPresent=true) is under the requested amount of queues for that type (2), queue aliasing will occur
2018-12-11 07:53:10,939 INFO [client.vulkan] [Main thread] [LogicalDevice.kt:106] Enabling diverging uniform sampler indexing !
2018-12-11 07:53:10,971 DEBUG [client.vulkan] [Main thread] [LogicalDevice.kt:133] Successfully created logical device LogicalDevice(handle=531044048, graphicsQueue=Queue(handle=VkQueue pointer [0x1FA80440], family=QueueFamily(index=0, maxInstances=1, canGraphics=true, canCompute=true, canTransfer=true, canPresent=true)))
2018-12-11 07:53:10,992 INFO [client.vulkan] [Main thread] [RenderPassHelpers.kt:15] Creating render pass
2018-12-11 07:53:10,998 DEBUG [client.vulkan] [Main thread] [SwapChain.kt:42] Creating swapchain...
2018-12-11 07:53:10,998 DEBUG [client.vulkan] [Main thread] [SwapChain.kt:48] Asking for 2 in the swapchain
2018-12-11 07:53:10,999 DEBUG [client.vulkan] [Main thread] [SwapChain.kt:58] Using presentation mode IMMEDIATE
2018-12-11 07:53:11,006 DEBUG [client.vulkan] [Main thread] [SwapChain.kt:85] swapchain successfully created, handle=530249504
2018-12-11 07:53:11,006 DEBUG [client.vulkan] [Main thread] [SwapChain.kt:96] grabbed 2 swap chain images : [533784992, 530259776]
2018-12-11 07:53:11,936 DEBUG [client.shaders] [Main thread] [SpirvCrossHelper.kt:80] parse1 OK
2018-12-11 07:53:11,937 DEBUG [client.shaders] [Main thread] [SpirvCrossHelper.kt:80] parse1 OK
2018-12-11 07:53:11,937 DEBUG [client.shaders] [Main thread] [SpirvCrossHelper.kt:89] link OK
2018-12-11 07:53:11,937 DEBUG [client.shaders] [Main thread] [SpirvCrossHelper.kt:92] io mapping OK
2018-12-11 07:53:12,016 DEBUG [client.shaders] [Main thread] [SpirvCrossHelper.kt:328] parse OK
2018-12-11 07:53:12,017 DEBUG [client.shaders] [Main thread] [SpirvCrossHelper.kt:328] parse OK
2018-12-11 07:53:12,017 DEBUG [client.shaders] [Main thread] [SpirvCrossHelper.kt:337] link OK
2018-12-11 07:53:12,017 DEBUG [client.shaders] [Main thread] [SpirvCrossHelper.kt:340] io mapping OK
2018-12-11 07:53:12,021 DEBUG [client.shaders] [Main thread] [SpirvCrossHelper.kt:353] 513 spirv bytes generated
2018-12-11 07:53:12,022 DEBUG [client.shaders] [Main thread] [SpirvCrossHelper.kt:353] 124 spirv bytes generated
2018-12-11 07:53:12,079 DEBUG [client.shaders] [Main thread] [SpirvCrossHelper.kt:80] parse1 OK
2018-12-11 07:53:12,080 DEBUG [client.shaders] [Main thread] [SpirvCrossHelper.kt:80] parse1 OK
2018-12-11 07:53:12,080 DEBUG [client.shaders] [Main thread] [SpirvCrossHelper.kt:89] link OK
2018-12-11 07:53:12,080 DEBUG [client.shaders] [Main thread] [SpirvCrossHelper.kt:92] io mapping OK
2018-12-11 07:53:12,139 DEBUG [client.shaders] [Main thread] [SpirvCrossHelper.kt:328] parse OK
2018-12-11 07:53:12,140 DEBUG [client.shaders] [Main thread] [SpirvCrossHelper.kt:328] parse OK
2018-12-11 07:53:12,141 DEBUG [client.shaders] [Main thread] [SpirvCrossHelper.kt:337] link OK
2018-12-11 07:53:12,141 DEBUG [client.shaders] [Main thread] [SpirvCrossHelper.kt:340] io mapping OK
2018-12-11 07:53:12,144 DEBUG [client.shaders] [Main thread] [SpirvCrossHelper.kt:353] 328 spirv bytes generated
2018-12-11 07:53:12,144 DEBUG [client.shaders] [Main thread] [SpirvCrossHelper.kt:353] 251 spirv bytes generated
2018-12-11 07:53:12,150 INFO [client.vulkan] [Main thread] [Pipeline.kt:46] Creating pipeline
2018-12-11 07:53:12,184 INFO [client.vulkan] [Main thread] [Pipeline.kt:46] Creating pipeline
2018-12-11 07:53:12,377 INFO [content.modsManager] [Main thread] [ModsManagerImplementation.kt:293] Handling jar file [Asset: core.jar from mod [ModFolder: C:\Users\Gobrosse\git\chunkstories-amd-driver-crash\res]]
2018-12-11 07:53:12,377 DEBUG [content.modsManager] [Main thread] [ModsManagerImplementation.kt:302] Writing to C:\Users\Gobrosse\git\chunkstories-amd-driver-crash\.\cache\7755\2817193.jar
2018-12-11 07:53:12,384 DEBUG [content.modsManager] [Main thread] [ModsManagerImplementation.kt:312] Done writing file
2018-12-11 07:53:12,405 INFO [content.modsManager] [Main thread] [ModsManagerImplementation.kt:275] Found plugin [Plugin UNIVERSAL | Core 1.0 by XolioWare Interactive] in [ModFolder: C:\Users\Gobrosse\git\chunkstories-amd-driver-crash\res]
2018-12-11 07:53:12,406 DEBUG [content.items] [Main thread] [ItemDefinitionsStore.kt:44] Reading items definitions in : [Asset: items/basicItems.def from mod [ModFolder: C:\Users\Gobrosse\git\chunkstories-amd-driver-crash\res]]
2018-12-11 07:53:12,450 DEBUG [content.items] [Main thread] [ItemDefinitionsStore.kt:56] Loaded item definition ItemDefinition(item_voxel, [customClass, maxStackSize])
2018-12-11 07:53:12,450 DEBUG [content.items] [Main thread] [ItemDefinitionsStore.kt:56] Loaded item definition ItemDefinition(item_voxel_1x2, [customClass, maxStackSize, width, height])
2018-12-11 07:53:12,451 DEBUG [content.items] [Main thread] [ItemDefinitionsStore.kt:56] Loaded item definition ItemDefinition(iron_pickaxe, [class, toolType, miningEfficiency, model, modelDiffuse])
2018-12-11 07:53:12,451 DEBUG [content.items] [Main thread] [ItemDefinitionsStore.kt:56] Loaded item definition ItemDefinition(iron_shovel, [class, toolType, miningEfficiency])
2018-12-11 07:53:12,451 DEBUG [content.items] [Main thread] [ItemDefinitionsStore.kt:56] Loaded item definition ItemDefinition(iron_axe, [class, toolType, miningEfficiency])
2018-12-11 07:53:12,452 DEBUG [content.items] [Main thread] [ItemDefinitionsStore.kt:56] Loaded item definition ItemDefinition(bread, [customClass, calories, maxStackSize])
2018-12-11 07:53:12,452 DEBUG [content.items] [Main thread] [ItemDefinitionsStore.kt:56] Loaded item definition ItemDefinition(soup, [customClass, calories, maxStackSize])
2018-12-11 07:53:12,452 DEBUG [content.items] [Main thread] [ItemDefinitionsStore.kt:56] Loaded item definition ItemDefinition(cookie, [customClass, calories, maxStackSize])
2018-12-11 07:53:12,453 DEBUG [content.items] [Main thread] [ItemDefinitionsStore.kt:56] Loaded item definition ItemDefinition(pie, [customClass, calories, maxStackSize])
2018-12-11 07:53:12,453 DEBUG [content.items] [Main thread] [ItemDefinitionsStore.kt:56] Loaded item definition ItemDefinition(apple, [customClass, calories, maxStackSize])
2018-12-11 07:53:12,454 DEBUG [content.items] [Main thread] [ItemDefinitionsStore.kt:56] Loaded item definition ItemDefinition(steak, [customClass, calories, maxStackSize])
2018-12-11 07:53:12,454 DEBUG [content.items] [Main thread] [ItemDefinitionsStore.kt:56] Loaded item definition ItemDefinition(ble, [customClass, calories, maxStackSize])
2018-12-11 07:53:12,454 DEBUG [content.items] [Main thread] [ItemDefinitionsStore.kt:56] Loaded item definition ItemDefinition(bow, [])
2018-12-11 07:53:12,455 DEBUG [content.items] [Main thread] [ItemDefinitionsStore.kt:56] Loaded item definition ItemDefinition(arrow, [])
2018-12-11 07:53:12,455 DEBUG [content.items] [Main thread] [ItemDefinitionsStore.kt:56] Loaded item definition ItemDefinition(stick, [])
2018-12-11 07:53:12,455 DEBUG [content.items] [Main thread] [ItemDefinitionsStore.kt:56] Loaded item definition ItemDefinition(diamond, [])
2018-12-11 07:53:12,456 DEBUG [content.items] [Main thread] [ItemDefinitionsStore.kt:56] Loaded item definition ItemDefinition(gold_bar, [])
2018-12-11 07:53:12,456 DEBUG [content.items] [Main thread] [ItemDefinitionsStore.kt:56] Loaded item definition ItemDefinition(iron_bar, [])
2018-12-11 07:53:12,456 DEBUG [content.items] [Main thread] [ItemDefinitionsStore.kt:56] Loaded item definition ItemDefinition(copper_bar, [])
2018-12-11 07:53:12,457 DEBUG [content.items] [Main thread] [ItemDefinitionsStore.kt:56] Loaded item definition ItemDefinition(coal, [])
2018-12-11 07:53:12,457 DEBUG [content.items] [Main thread] [ItemDefinitionsStore.kt:56] Loaded item definition ItemDefinition(weapon_ak47, [customClass, width, height, maxStackSize, roundsPerMinute, fireMode, reloadCooldown, range, soundRange, accuracy, damage, fireSound, modelObj, modelDiffuse, shootingAnimationName, shootingAnimationDuration])
2018-12-11 07:53:12,458 DEBUG [content.items] [Main thread] [ItemDefinitionsStore.kt:56] Loaded item definition ItemDefinition(mag_ak47, [customClass, width, height, maxStackSize, forWeapon])
2018-12-11 07:53:12,459 DEBUG [content.materials] [Main thread] [VoxelMaterialsStore.kt:41] Reading voxel material definitions in : [Asset: voxels/materials/vanillaMaterials.def from mod [ModFolder: C:\Users\Gobrosse\git\chunkstories-amd-driver-crash\res]]
2018-12-11 07:53:12,468 DEBUG [content.materials] [Main thread] [VoxelMaterialsStore.kt:56] Loaded voxel material VoxelMaterial(default, [sounds, walkingSounds, runningSounds, jumpingSounds, landingSounds])
2018-12-11 07:53:12,469 DEBUG [content.materials] [Main thread] [VoxelMaterialsStore.kt:56] Loaded voxel material VoxelMaterial(dirt, [walkingSounds, runningSounds, landingSounds, jumpingSounds, materialHardnessForShovel])
2018-12-11 07:53:12,469 DEBUG [content.materials] [Main thread] [VoxelMaterialsStore.kt:56] Loaded voxel material VoxelMaterial(stone, [walkingSounds, runningSounds, landingSounds, jumpingSounds, materialHardnessForPickaxe])
2018-12-11 07:53:12,469 DEBUG [content.materials] [Main thread] [VoxelMaterialsStore.kt:56] Loaded voxel material VoxelMaterial(grass, [walkingSounds, runningSounds, landingSounds, jumpingSounds, materialHardnessForShovel])
2018-12-11 07:53:12,470 DEBUG [content.materials] [Main thread] [VoxelMaterialsStore.kt:56] Loaded voxel material VoxelMaterial(plant, [materialHardness])
2018-12-11 07:53:12,470 DEBUG [content.materials] [Main thread] [VoxelMaterialsStore.kt:56] Loaded voxel material VoxelMaterial(water, [walkingSounds, runningSounds, landingSounds, jumpingSounds])
2018-12-11 07:53:12,471 DEBUG [content.materials] [Main thread] [VoxelMaterialsStore.kt:56] Loaded voxel material VoxelMaterial(glass, [bulletBreakable])
2018-12-11 07:53:12,471 DEBUG [content.materials] [Main thread] [VoxelMaterialsStore.kt:56] Loaded voxel material VoxelMaterial(sand, [walkingSounds, runningSounds, landingSounds, jumpingSounds, materialHardnessForShovel])
2018-12-11 07:53:12,471 DEBUG [content.materials] [Main thread] [VoxelMaterialsStore.kt:56] Loaded voxel material VoxelMaterial(concrete, [walkingSounds, runningSounds, landingSounds, jumpingSounds, hardness, materialHardnessForPickaxe])
2018-12-11 07:53:12,472 DEBUG [content.materials] [Main thread] [VoxelMaterialsStore.kt:56] Loaded voxel material VoxelMaterial(snow, [sounds, walkingSounds, runningSounds, landingSounds, jumpingSounds, materialHardnessForShovel])
2018-12-11 07:53:12,472 DEBUG [content.materials] [Main thread] [VoxelMaterialsStore.kt:56] Loaded voxel material VoxelMaterial(metal, [sounds, walkingSounds, runningSounds, landingSounds, jumpingSounds, materialHardness])
2018-12-11 07:53:12,473 DEBUG [content.materials] [Main thread] [VoxelMaterialsStore.kt:56] Loaded voxel material VoxelMaterial(wet, [])
2018-12-11 07:53:12,473 DEBUG [content.materials] [Main thread] [VoxelMaterialsStore.kt:56] Loaded voxel material VoxelMaterial(metalbar, [walkingSounds, runningSounds, landingSounds, jumpingSounds])
2018-12-11 07:53:12,474 DEBUG [content.materials] [Main thread] [VoxelMaterialsStore.kt:56] Loaded voxel material VoxelMaterial(gravel, [walkingSounds, runningSounds, landingSounds, jumpingSounds, materialHardnessForShovel])
2018-12-11 07:53:12,474 DEBUG [content.materials] [Main thread] [VoxelMaterialsStore.kt:56] Loaded voxel material VoxelMaterial(bluntwood, [walkingSounds, runningSounds, landingSounds, jumpingSounds, materialHardnessForAxe])
2018-12-11 07:53:12,475 DEBUG [content.voxels.textures] [Main thread] [VoxelTexturesStoreAndAtlaser.java:73] Rebuilding texture atlas
2018-12-11 07:53:12,594 DEBUG [content.voxels.textures] [Main thread] [VoxelTexturesStoreAndAtlaser.java:175] This is a client so we'll make the texture atlas
2018-12-11 07:53:13,780 WARN [content.voxels.textures] [Main thread] [VoxelTexturesStoreAndAtlaser.java:377] Parse error in file [Asset: voxels/textures/meta.txt from mod [ModFolder: C:\Users\Gobrosse\git\chunkstories-amd-driver-crash\res]], line 3, unexpected parameter.
2018-12-11 07:53:13,781 WARN [content.voxels.textures] [Main thread] [VoxelTexturesStoreAndAtlaser.java:361] Parse error in file [Asset: voxels/textures/meta.txt from mod [ModFolder: C:\Users\Gobrosse\git\chunkstories-amd-driver-crash\res]], line 4, unexpected 'end' token.
2018-12-11 07:53:13,781 WARN [content.voxels.textures] [Main thread] [VoxelTexturesStoreAndAtlaser.java:377] Parse error in file [Asset: voxels/textures/meta.txt from mod [ModFolder: C:\Users\Gobrosse\git\chunkstories-amd-driver-crash\res]], line 11, unexpected parameter.
2018-12-11 07:53:13,782 WARN [content.voxels.textures] [Main thread] [VoxelTexturesStoreAndAtlaser.java:361] Parse error in file [Asset: voxels/textures/meta.txt from mod [ModFolder: C:\Users\Gobrosse\git\chunkstories-amd-driver-crash\res]], line 12, unexpected 'end' token.
2018-12-11 07:53:13,783 WARN [content.voxels.textures] [Main thread] [VoxelTexturesStoreAndAtlaser.java:377] Parse error in file [Asset: voxels/textures/meta.txt from mod [ModFolder: C:\Users\Gobrosse\git\chunkstories-amd-driver-crash\res]], line 15, unexpected parameter.
2018-12-11 07:53:13,783 WARN [content.voxels.textures] [Main thread] [VoxelTexturesStoreAndAtlaser.java:361] Parse error in file [Asset: voxels/textures/meta.txt from mod [ModFolder: C:\Users\Gobrosse\git\chunkstories-amd-driver-crash\res]], line 16, unexpected 'end' token.
2018-12-11 07:53:13,787 DEBUG [content.voxels] [Main thread] [VoxelsStore.kt:52] Reading voxels definitions in : [Asset: voxels/naturalBlocks.def from mod [ModFolder: C:\Users\Gobrosse\git\chunkstories-amd-driver-crash\res]]
2018-12-11 07:53:13,796 DEBUG [content.voxels] [Main thread] [VoxelsStore.kt:64] Loaded VoxelDefinition(grass, [textures, textures.top, textures.sides]) from [Asset: voxels/naturalBlocks.def from mod [ModFolder: C:\Users\Gobrosse\git\chunkstories-amd-driver-crash\res]], created [Voxel name:grass]
2018-12-11 07:53:13,797 DEBUG [content.voxels] [Main thread] [VoxelsStore.kt:64] Loaded VoxelDefinition(forestgrass, [textures, textures.top, textures.sides]) from [Asset: voxels/naturalBlocks.def from mod [ModFolder: C:\Users\Gobrosse\git\chunkstories-amd-driver-crash\res]], created [Voxel name:forestgrass]
2018-12-11 07:53:13,798 DEBUG [content.voxels] [Main thread] [VoxelsStore.kt:64] Loaded VoxelDefinition(drygrass, [textures, textures.top, textures.sides]) from [Asset: voxels/naturalBlocks.def from mod [ModFolder: C:\Users\Gobrosse\git\chunkstories-amd-driver-crash\res]], created [Voxel name:drygrass]
2018-12-11 07:53:13,799 DEBUG [content.voxels] [Main thread] [VoxelsStore.kt:64] Loaded VoxelDefinition(grass_prop, [solid, opaque, representation, representation.model]) from [Asset: voxels/naturalBlocks.def from mod [ModFolder: C:\Users\Gobrosse\git\chunkstories-amd-driver-crash\res]], created [Voxel name:grass_prop]
2018-12-11 07:53:13,799 DEBUG [content.voxels] [Main thread] [VoxelsStore.kt:64] Loaded VoxelDefinition(dead_grass, [solid, opaque, representation, representation.model]) from [Asset: voxels/naturalBlocks.def from mod [ModFolder: C:\Users\Gobrosse\git\chunkstories-amd-driver-crash\res]], created [Voxel name:dead_grass]
2018-12-11 07:53:13,800 DEBUG [content.voxels] [Main thread] [VoxelsStore.kt:64] Loaded VoxelDefinition(wood, [material, textures, textures.top, textures.bottom]) from [Asset: voxels/naturalBlocks.def from mod [ModFolder: C:\Users\Gobrosse\git\chunkstories-amd-driver-crash\res]], created [Voxel name:wood]
2018-12-11 07:53:13,800 DEBUG [content.voxels] [Main thread] [VoxelsStore.kt:64] Loaded VoxelDefinition(pinewood, [material, textures, textures.top, textures.bottom]) from [Asset: voxels/naturalBlocks.def from mod [ModFolder: C:\Users\Gobrosse\git\chunkstories-amd-driver-crash\res]], created [Voxel name:pinewood]
2018-12-11 07:53:13,801 DEBUG [content.voxels] [Main thread] [VoxelsStore.kt:64] Loaded VoxelDefinition(birchwood, [material, textures, textures.top, textures.bottom]) from [Asset: voxels/naturalBlocks.def from mod [ModFolder: C:\Users\Gobrosse\git\chunkstories-amd-driver-crash\res]], created [Voxel name:birchwood]
2018-12-11 07:53:13,804 DEBUG [content.voxels] [Main thread] [VoxelsStore.kt:64] Loaded VoxelDefinition(leaves, [class, opaque, selfOpaque, shadingLightLevel, hardness, affectedByWind, materialFlags]) from [Asset: voxels/naturalBlocks.def from mod [ModFolder: C:\Users\Gobrosse\git\chunkstories-amd-driver-crash\res]], created [Voxel name:leaves]
2018-12-11 07:53:13,805 DEBUG [content.voxels] [Main thread] [VoxelsStore.kt:64] Loaded VoxelDefinition(pineleaves, [class, opaque, selfOpaque, shadingLightLevel, hardness, affectedByWind, materialFlags]) from [Asset: voxels/naturalBlocks.def from mod [ModFolder: C:\Users\Gobrosse\git\chunkstories-amd-driver-crash\res]], created [Voxel name:pineleaves]
2018-12-11 07:53:13,806 DEBUG [content.voxels] [Main thread] [VoxelsStore.kt:64] Loaded VoxelDefinition(birchleaves, [class, opaque, selfOpaque, shadingLightLevel, hardness, affectedByWind, materialFlags]) from [Asset: voxels/naturalBlocks.def from mod [ModFolder: C:\Users\Gobrosse\git\chunkstories-amd-driver-crash\res]], created [Voxel name:birchleaves]
2018-12-11 07:53:13,807 DEBUG [content.voxels] [Main thread] [VoxelsStore.kt:64] Loaded VoxelDefinition(vine, [class, opaque, solid, hardness, materialFlags]) from [Asset: voxels/naturalBlocks.def from mod [ModFolder: C:\Users\Gobrosse\git\chunkstories-amd-driver-crash\res]], created [Voxel name:vine]
2018-12-11 07:53:13,808 DEBUG [content.voxels] [Main thread] [VoxelsStore.kt:64] Loaded VoxelDefinition(cactus, [hardness, textures, textures.sides, textures.top]) from [Asset: voxels/naturalBlocks.def from mod [ModFolder: C:\Users\Gobrosse\git\chunkstories-amd-driver-crash\res]], created [Voxel name:cactus]
2018-12-11 07:53:13,808 DEBUG [content.voxels] [Main thread] [VoxelsStore.kt:64] Loaded VoxelDefinition(web, [solid, opaque, representation, representation.model]) from [Asset: voxels/naturalBlocks.def from mod [ModFolder: C:\Users\Gobrosse\git\chunkstories-amd-driver-crash\res]], created [Voxel name:web]
2018-12-11 07:53:13,809 DEBUG [content.voxels] [Main thread] [VoxelsStore.kt:64] Loaded VoxelDefinition(flower_red, [solid, opaque, representation, representation.model]) from [Asset: voxels/naturalBlocks.def from mod [ModFolder: C:\Users\Gobrosse\git\chunkstories-amd-driver-crash\res]], created [Voxel name:flower_red]
2018-12-11 07:53:13,809 DEBUG [content.voxels] [Main thread] [VoxelsStore.kt:64] Loaded VoxelDefinition(flower_yellow, [solid, opaque, representation, representation.model]) from [Asset: voxels/naturalBlocks.def from mod [ModFolder: C:\Users\Gobrosse\git\chunkstories-amd-driver-crash\res]], created [Voxel name:flower_yellow]
2018-12-11 07:53:13,810 DEBUG [content.voxels] [Main thread] [VoxelsStore.kt:64] Loaded VoxelDefinition(flower_orange, [solid, opaque, representation, representation.model]) from [Asset: voxels/naturalBlocks.def from mod [ModFolder: C:\Users\Gobrosse\git\chunkstories-amd-driver-crash\res]], created [Voxel name:flower_orange]
2018-12-11 07:53:13,810 DEBUG [content.voxels] [Main thread] [VoxelsStore.kt:64] Loaded VoxelDefinition(flower_blue, [solid, opaque, representation, representation.model]) from [Asset: voxels/naturalBlocks.def from mod [ModFolder: C:\Users\Gobrosse\git\chunkstories-amd-driver-crash\res]], created [Voxel name:flower_blue]
2018-12-11 07:53:13,811 DEBUG [content.voxels] [Main thread] [VoxelsStore.kt:64] Loaded VoxelDefinition(flower_purple, [solid, opaque, representation, representation.model]) from [Asset: voxels/naturalBlocks.def from mod [ModFolder: C:\Users\Gobrosse\git\chunkstories-amd-driver-crash\res]], created [Voxel name:flower_purple]
2018-12-11 07:53:13,812 DEBUG [content.voxels] [Main thread] [VoxelsStore.kt:64] Loaded VoxelDefinition(flower_white, [solid, opaque, representation, representation.model]) from [Asset: voxels/naturalBlocks.def from mod [ModFolder: C:\Users\Gobrosse\git\chunkstories-amd-driver-crash\res]], created [Voxel name:flower_white]
2018-12-11 07:53:13,813 DEBUG [content.voxels] [Main thread] [VoxelsStore.kt:64] Loaded VoxelDefinition(mushroom_red, [solid, opaque, representation, representation.model]) from [Asset: voxels/naturalBlocks.def from mod [ModFolder: C:\Users\Gobrosse\git\chunkstories-amd-driver-crash\res]], created [Voxel name:mushroom_red]
2018-12-11 07:53:13,813 DEBUG [content.voxels] [Main thread] [VoxelsStore.kt:64] Loaded VoxelDefinition(mushroom_brown, [solid, opaque, representation, representation.model]) from [Asset: voxels/naturalBlocks.def from mod [ModFolder: C:\Users\Gobrosse\git\chunkstories-amd-driver-crash\res]], created [Voxel name:mushroom_brown]
2018-12-11 07:53:13,815 DEBUG [content.voxels] [Main thread] [VoxelsStore.kt:64] Loaded VoxelDefinition(bamboo, [texture, solid, opaque, representation, representation.model]) from [Asset: voxels/naturalBlocks.def from mod [ModFolder: C:\Users\Gobrosse\git\chunkstories-amd-driver-crash\res]], created [Voxel name:bamboo]
2018-12-11 07:53:13,815 DEBUG [content.voxels] [Main thread] [VoxelsStore.kt:67] Parsed file [Asset: voxels/naturalBlocks.def from mod [ModFolder: C:\Users\Gobrosse\git\chunkstories-amd-driver-crash\res]] correctly, loading 0 voxels.
2018-12-11 07:53:13,816 DEBUG [content.voxels] [Main thread] [VoxelsStore.kt:52] Reading voxels definitions in : [Asset: voxels/mineralBlocks.def from mod [ModFolder: C:\Users\Gobrosse\git\chunkstories-amd-driver-crash\res]]
2018-12-11 07:53:13,818 DEBUG [content.voxels] [Main thread] [VoxelsStore.kt:64] Loaded VoxelDefinition(stone, []) from [Asset: voxels/mineralBlocks.def from mod [ModFolder: C:\Users\Gobrosse\git\chunkstories-amd-driver-crash\res]], created [Voxel name:stone]
2018-12-11 07:53:13,818 DEBUG [content.voxels] [Main thread] [VoxelsStore.kt:64] Loaded VoxelDefinition(gravel, []) from [Asset: voxels/mineralBlocks.def from mod [ModFolder: C:\Users\Gobrosse\git\chunkstories-amd-driver-crash\res]], created [Voxel name:gravel]
2018-12-11 07:53:13,818 DEBUG [content.voxels] [Main thread] [VoxelsStore.kt:64] Loaded VoxelDefinition(dirt, []) from [Asset: voxels/mineralBlocks.def from mod [ModFolder: C:\Users\Gobrosse\git\chunkstories-amd-driver-crash\res]], created [Voxel name:dirt]
2018-12-11 07:53:13,819 DEBUG [content.voxels] [Main thread] [VoxelsStore.kt:64] Loaded VoxelDefinition(sand, []) from [Asset: voxels/mineralBlocks.def from mod [ModFolder: C:\Users\Gobrosse\git\chunkstories-amd-driver-crash\res]], created [Voxel name:sand]
2018-12-11 07:53:13,819 DEBUG [content.voxels] [Main thread] [VoxelsStore.kt:64] Loaded VoxelDefinition(hard_sand, []) from [Asset: voxels/mineralBlocks.def from mod [ModFolder: C:\Users\Gobrosse\git\chunkstories-amd-driver-crash\res]], created [Voxel name:hard_sand]
2018-12-11 07:53:13,820 DEBUG [content.voxels] [Main thread] [VoxelsStore.kt:64] Loaded VoxelDefinition(cobble, [material]) from [Asset: voxels/mineralBlocks.def from mod [ModFolder: C:\Users\Gobrosse\git\chunkstories-amd-driver-crash\res]], created [Voxel name:cobble]
2018-12-11 07:53:13,821 DEBUG [content.voxels] [Main thread] [VoxelsStore.kt:64] Loaded VoxelDefinition(cobble_mossy, [material]) from [Asset: voxels/mineralBlocks.def from mod [ModFolder: C:\Users\Gobrosse\git\chunkstories-amd-driver-crash\res]], created [Voxel name:cobble_mossy]
2018-12-11 07:53:13,821 DEBUG [content.voxels] [Main thread] [VoxelsStore.kt:64] Loaded VoxelDefinition(rock, [material]) from [Asset: voxels/mineralBlocks.def from mod [ModFolder: C:\Users\Gobrosse\git\chunkstories-amd-driver-crash\res]], created [Voxel name:rock]
2018-12-11 07:53:13,822 DEBUG [content.voxels] [Main thread] [VoxelsStore.kt:64] Loaded VoxelDefinition(hard_rock, [material]) from [Asset: voxels/mineralBlocks.def from mod [ModFolder: C:\Users\Gobrosse\git\chunkstories-amd-driver-crash\res]], created [Voxel name:hard_rock]
2018-12-11 07:53:13,822 DEBUG [content.voxels] [Main thread] [VoxelsStore.kt:64] Loaded VoxelDefinition(andesite, [material]) from [Asset: voxels/mineralBlocks.def from mod [ModFolder: C:\Users\Gobrosse\git\chunkstories-amd-driver-crash\res]], created [Voxel name:andesite]
2018-12-11 07:53:13,823 DEBUG [content.voxels] [Main thread] [VoxelsStore.kt:64] Loaded VoxelDefinition(granite, [material]) from [Asset: voxels/mineralBlocks.def from mod [ModFolder: C:\Users\Gobrosse\git\chunkstories-amd-driver-crash\res]], created [Voxel name:granite]
2018-12-11 07:53:13,823 DEBUG [content.voxels] [Main thread] [VoxelsStore.kt:64] Loaded VoxelDefinition(andesite, [material]) from [Asset: voxels/mineralBlocks.def from mod [ModFolder: C:\Users\Gobrosse\git\chunkstories-amd-driver-crash\res]], created [Voxel name:andesite]
2018-12-11 07:53:13,824 DEBUG [content.voxels] [Main thread] [VoxelsStore.kt:64] Loaded VoxelDefinition(snowblock, [material, texture]) from [Asset: voxels/mineralBlocks.def from mod [ModFolder: C:\Users\Gobrosse\git\chunkstories-amd-driver-crash\res]], created [Voxel name:snowblock]
2018-12-11 07:53:13,824 DEBUG [content.voxels] [Main thread] [VoxelsStore.kt:64] Loaded VoxelDefinition(snow, [class, opaque, selfOpaque, material]) from [Asset: voxels/mineralBlocks.def from mod [ModFolder: C:\Users\Gobrosse\git\chunkstories-amd-driver-crash\res]], created [Voxel name:snow]
2018-12-11 07:53:13,825 DEBUG [content.voxels] [Main thread] [VoxelsStore.kt:64] Loaded VoxelDefinition(ice, []) from [Asset: voxels/mineralBlocks.def from mod [ModFolder: C:\Users\Gobrosse\git\chunkstories-amd-driver-crash\res]], created [Voxel name:ice]
2018-12-11 07:53:13,825 DEBUG [content.voxels] [Main thread] [VoxelsStore.kt:64] Loaded VoxelDefinition(coal_ore, [texture, material]) from [Asset: voxels/mineralBlocks.def from mod [ModFolder: C:\Users\Gobrosse\git\chunkstories-amd-driver-crash\res]], created [Voxel name:coal_ore]
2018-12-11 07:53:13,826 DEBUG [content.voxels] [Main thread] [VoxelsStore.kt:64] Loaded VoxelDefinition(copper_ore, [texture, material]) from [Asset: voxels/mineralBlocks.def from mod [ModFolder: C:\Users\Gobrosse\git\chunkstories-amd-driver-crash\res]], created [Voxel name:copper_ore]
2018-12-11 07:53:13,826 DEBUG [content.voxels] [Main thread] [VoxelsStore.kt:64] Loaded VoxelDefinition(diamond_ore, [texture, material]) from [Asset: voxels/mineralBlocks.def from mod [ModFolder: C:\Users\Gobrosse\git\chunkstories-amd-driver-crash\res]], created [Voxel name:diamond_ore]
2018-12-11 07:53:13,827 DEBUG [content.voxels] [Main thread] [VoxelsStore.kt:64] Loaded VoxelDefinition(gold_ore, [texture, material]) from [Asset: voxels/mineralBlocks.def from mod [ModFolder: C:\Users\Gobrosse\git\chunkstories-amd-driver-crash\res]], created [Voxel name:gold_ore]
2018-12-11 07:53:13,827 DEBUG [content.voxels] [Main thread] [VoxelsStore.kt:64] Loaded VoxelDefinition(silver_ore, [texture, material]) from [Asset: voxels/mineralBlocks.def from mod [ModFolder: C:\Users\Gobrosse\git\chunkstories-amd-driver-crash\res]], created [Voxel name:silver_ore]
2018-12-11 07:53:13,828 DEBUG [content.voxels] [Main thread] [VoxelsStore.kt:64] Loaded VoxelDefinition(iron_ore, [texture, material]) from [Asset: voxels/mineralBlocks.def from mod [ModFolder: C:\Users\Gobrosse\git\chunkstories-amd-driver-crash\res]], created [Voxel name:iron_ore]
2018-12-11 07:53:13,828 DEBUG [content.voxels] [Main thread] [VoxelsStore.kt:67] Parsed file [Asset: voxels/mineralBlocks.def from mod [ModFolder: C:\Users\Gobrosse\git\chunkstories-amd-driver-crash\res]] correctly, loading 0 voxels.
2018-12-11 07:53:13,829 DEBUG [content.voxels] [Main thread] [VoxelsStore.kt:52] Reading voxels definitions in : [Asset: voxels/woodenBlocks.def from mod [ModFolder: C:\Users\Gobrosse\git\chunkstories-amd-driver-crash\res]]
2018-12-11 07:53:13,831 DEBUG [content.voxels] [Main thread] [VoxelsStore.kt:64] Loaded VoxelDefinition(planks, [material]) from [Asset: voxels/woodenBlocks.def from mod [ModFolder: C:\Users\Gobrosse\git\chunkstories-amd-driver-crash\res]], created [Voxel name:planks]
2018-12-11 07:53:13,832 DEBUG [content.voxels] [Main thread] [VoxelsStore.kt:64] Loaded VoxelDefinition(goldplanks, [material]) from [Asset: voxels/woodenBlocks.def from mod [ModFolder: C:\Users\Gobrosse\git\chunkstories-amd-driver-crash\res]], created [Voxel name:goldplanks]
2018-12-11 07:53:13,833 DEBUG [content.voxels] [Main thread] [VoxelsStore.kt:64] Loaded VoxelDefinition(whiteplanks, [material]) from [Asset: voxels/woodenBlocks.def from mod [ModFolder: C:\Users\Gobrosse\git\chunkstories-amd-driver-crash\res]], created [Voxel name:whiteplanks]
2018-12-11 07:53:13,833 DEBUG [content.voxels] [Main thread] [VoxelsStore.kt:64] Loaded VoxelDefinition(darkplanks, [material]) from [Asset: voxels/woodenBlocks.def from mod [ModFolder: C:\Users\Gobrosse\git\chunkstories-amd-driver-crash\res]], created [Voxel name:darkplanks]
2018-12-11 07:53:13,834 DEBUG [content.voxels] [Main thread] [VoxelsStore.kt:64] Loaded VoxelDefinition(planks_stairs, [class, opaque, material, texture]) from [Asset: voxels/woodenBlocks.def from mod [ModFolder: C:\Users\Gobrosse\git\chunkstories-amd-driver-crash\res]], created [Voxel name:planks_stairs]
2018-12-11 07:53:13,835 DEBUG [content.voxels] [Main thread] [VoxelsStore.kt:64] Loaded VoxelDefinition(goldplanks_stairs, [class, opaque, material, texture]) from [Asset: voxels/woodenBlocks.def from mod [ModFolder: C:\Users\Gobrosse\git\chunkstories-amd-driver-crash\res]], created [Voxel name:goldplanks_stairs]
2018-12-11 07:53:13,835 DEBUG [content.voxels] [Main thread] [VoxelsStore.kt:64] Loaded VoxelDefinition(whiteplanks_stairs, [class, opaque, material, texture]) from [Asset: voxels/woodenBlocks.def from mod [ModFolder: C:\Users\Gobrosse\git\chunkstories-amd-driver-crash\res]], created [Voxel name:whiteplanks_stairs]
2018-12-11 07:53:13,836 DEBUG [content.voxels] [Main thread] [VoxelsStore.kt:64] Loaded VoxelDefinition(darkplanks_stairs, [class, opaque, material, texture]) from [Asset: voxels/woodenBlocks.def from mod [ModFolder: C:\Users\Gobrosse\git\chunkstories-amd-driver-crash\res]], created [Voxel name:darkplanks_stairs]
2018-12-11 07:53:13,836 DEBUG [content.voxels] [Main thread] [VoxelsStore.kt:64] Loaded VoxelDefinition(wood_fence, [opaque, selfOpaque, texture, material]) from [Asset: voxels/woodenBlocks.def from mod [ModFolder: C:\Users\Gobrosse\git\chunkstories-amd-driver-crash\res]], created [Voxel name:wood_fence]
2018-12-11 07:53:13,837 DEBUG [content.voxels] [Main thread] [VoxelsStore.kt:64] Loaded VoxelDefinition(planks_slab, [class, opaque, material, texture]) from [Asset: voxels/woodenBlocks.def from mod [ModFolder: C:\Users\Gobrosse\git\chunkstories-amd-driver-crash\res]], created [Voxel name:planks_slab]
2018-12-11 07:53:13,838 DEBUG [content.voxels] [Main thread] [VoxelsStore.kt:64] Loaded VoxelDefinition(goldplanks_slab, [class, opaque, material, texture]) from [Asset: voxels/woodenBlocks.def from mod [ModFolder: C:\Users\Gobrosse\git\chunkstories-amd-driver-crash\res]], created [Voxel name:goldplanks_slab]
2018-12-11 07:53:13,839 DEBUG [content.voxels] [Main thread] [VoxelsStore.kt:64] Loaded VoxelDefinition(whiteplanks_slab, [class, opaque, material, texture]) from [Asset: voxels/woodenBlocks.def from mod [ModFolder: C:\Users\Gobrosse\git\chunkstories-amd-driver-crash\res]], created [Voxel name:whiteplanks_slab]
2018-12-11 07:53:13,840 DEBUG [content.voxels] [Main thread] [VoxelsStore.kt:64] Loaded VoxelDefinition(darkplanks_slab, [class, opaque, material, texture]) from [Asset: voxels/woodenBlocks.def from mod [ModFolder: C:\Users\Gobrosse\git\chunkstories-amd-driver-crash\res]], created [Voxel name:darkplanks_slab]
2018-12-11 07:53:13,840 DEBUG [content.voxels] [Main thread] [VoxelsStore.kt:64] Loaded VoxelDefinition(wood_fence, [opaque, selfOpaque, texture, material]) from [Asset: voxels/woodenBlocks.def from mod [ModFolder: C:\Users\Gobrosse\git\chunkstories-amd-driver-crash\res]], created [Voxel name:wood_fence]
2018-12-11 07:53:13,841 DEBUG [content.voxels] [Main thread] [VoxelsStore.kt:64] Loaded VoxelDefinition(ladder, [class, material, opaque]) from [Asset: voxels/woodenBlocks.def from mod [ModFolder: C:\Users\Gobrosse\git\chunkstories-amd-driver-crash\res]], created [Voxel name:ladder]
2018-12-11 07:53:13,842 DEBUG [content.voxels] [Main thread] [VoxelsStore.kt:64] Loaded VoxelDefinition(wood_chest, [class, opaque, selfOpaque, material, textures, textures.top, textures.bottom, textures.sides, textures.front]) from [Asset: voxels/woodenBlocks.def from mod [ModFolder: C:\Users\Gobrosse\git\chunkstories-amd-driver-crash\res]], created [Voxel name:wood_chest]
2018-12-11 07:53:13,843 DEBUG [content.voxels] [Main thread] [VoxelsStore.kt:64] Loaded VoxelDefinition(wood_sign, [class, material, solid, opaque]) from [Asset: voxels/woodenBlocks.def from mod [ModFolder: C:\Users\Gobrosse\git\chunkstories-amd-driver-crash\res]], created [Voxel name:wood_sign]
2018-12-11 07:53:13,843 DEBUG [content.voxels] [Main thread] [VoxelsStore.kt:64] Loaded VoxelDefinition(wood_sign_post, [class, material, solid, opaque]) from [Asset: voxels/woodenBlocks.def from mod [ModFolder: C:\Users\Gobrosse\git\chunkstories-amd-driver-crash\res]], created [Voxel name:wood_sign_post]
2018-12-11 07:53:13,846 DEBUG [content.voxels] [Main thread] [VoxelsStore.kt:64] Loaded VoxelDefinition(wood_door, [class, opaque, material]) from [Asset: voxels/woodenBlocks.def from mod [ModFolder: C:\Users\Gobrosse\git\chunkstories-amd-driver-crash\res]], created [Voxel name:wood_door]
2018-12-11 07:53:13,847 DEBUG [content.voxels] [Main thread] [VoxelsStore.kt:64] Loaded VoxelDefinition(wood_door_top, [class, opaque, material]) from [Asset: voxels/woodenBlocks.def from mod [ModFolder: C:\Users\Gobrosse\git\chunkstories-amd-driver-crash\res]], created [Voxel name:wood_door_top]
2018-12-11 07:53:13,847 DEBUG [content.voxels] [Main thread] [VoxelsStore.kt:67] Parsed file [Asset: voxels/woodenBlocks.def from mod [ModFolder: C:\Users\Gobrosse\git\chunkstories-amd-driver-crash\res]] correctly, loading 0 voxels.
2018-12-11 07:53:13,848 DEBUG [content.voxels] [Main thread] [VoxelsStore.kt:52] Reading voxels definitions in : [Asset: voxels/weirdBlocks.def from mod [ModFolder: C:\Users\Gobrosse\git\chunkstories-amd-driver-crash\res]]
2018-12-11 07:53:13,849 DEBUG [content.voxels] [Main thread] [VoxelsStore.kt:64] Loaded VoxelDefinition(glowing, [emittedLightLevel]) from [Asset: voxels/weirdBlocks.def from mod [ModFolder: C:\Users\Gobrosse\git\chunkstories-amd-driver-crash\res]], created [Voxel name:glowing]
2018-12-11 07:53:13,849 DEBUG [content.voxels] [Main thread] [VoxelsStore.kt:64] Loaded VoxelDefinition(glowoff, [emittedLightLevel]) from [Asset: voxels/weirdBlocks.def from mod [ModFolder: C:\Users\Gobrosse\git\chunkstories-amd-driver-crash\res]], created [Voxel name:glowoff]
2018-12-11 07:53:13,849 DEBUG [content.voxels] [Main thread] [VoxelsStore.kt:64] Loaded VoxelDefinition(hellearth, [material]) from [Asset: voxels/weirdBlocks.def from mod [ModFolder: C:\Users\Gobrosse\git\chunkstories-amd-driver-crash\res]], created [Voxel name:hellearth]
2018-12-11 07:53:13,850 DEBUG [content.voxels] [Main thread] [VoxelsStore.kt:67] Parsed file [Asset: voxels/weirdBlocks.def from mod [ModFolder: C:\Users\Gobrosse\git\chunkstories-amd-driver-crash\res]] correctly, loading 0 voxels.
2018-12-11 07:53:13,850 DEBUG [content.voxels] [Main thread] [VoxelsStore.kt:52] Reading voxels definitions in : [Asset: voxels/manmadeBlocks.def from mod [ModFolder: C:\Users\Gobrosse\git\chunkstories-amd-driver-crash\res]]
2018-12-11 07:53:13,853 DEBUG [content.voxels] [Main thread] [VoxelsStore.kt:64] Loaded VoxelDefinition(torch, [solid, opaque, emittedLightLevel, hardness, collisionBox, representation, representation.model]) from [Asset: voxels/manmadeBlocks.def from mod [ModFolder: C:\Users\Gobrosse\git\chunkstories-amd-driver-crash\res]], created [Voxel name:torch]
2018-12-11 07:53:13,854 DEBUG [content.voxels] [Main thread] [VoxelsStore.kt:64] Loaded VoxelDefinition(bricks, [material, hardness]) from [Asset: voxels/manmadeBlocks.def from mod [ModFolder: C:\Users\Gobrosse\git\chunkstories-amd-driver-crash\res]], created [Voxel name:bricks]
2018-12-11 07:53:13,855 DEBUG [content.voxels] [Main thread] [VoxelsStore.kt:64] Loaded VoxelDefinition(brick_stairs, [class, opaque, material, texture]) from [Asset: voxels/manmadeBlocks.def from mod [ModFolder: C:\Users\Gobrosse\git\chunkstories-amd-driver-crash\res]], created [Voxel name:brick_stairs]
2018-12-11 07:53:13,856 DEBUG [content.voxels] [Main thread] [VoxelsStore.kt:64] Loaded VoxelDefinition(bricks_slab, [class, opaque, material, texture]) from [Asset: voxels/manmadeBlocks.def from mod [ModFolder: C:\Users\Gobrosse\git\chunkstories-amd-driver-crash\res]], created [Voxel name:bricks_slab]
2018-12-11 07:53:13,857 DEBUG [content.voxels] [Main thread] [VoxelsStore.kt:64] Loaded VoxelDefinition(cobble_stairs, [class, opaque, material, texture]) from [Asset: voxels/manmadeBlocks.def from mod [ModFolder: C:\Users\Gobrosse\git\chunkstories-amd-driver-crash\res]], created [Voxel name:cobble_stairs]
2018-12-11 07:53:13,858 DEBUG [content.voxels] [Main thread] [VoxelsStore.kt:64] Loaded VoxelDefinition(cobble_slab, [class, opaque, material, texture]) from [Asset: voxels/manmadeBlocks.def from mod [ModFolder: C:\Users\Gobrosse\git\chunkstories-amd-driver-crash\res]], created [Voxel name:cobble_slab]
2018-12-11 07:53:13,858 DEBUG [content.voxels] [Main thread] [VoxelsStore.kt:64] Loaded VoxelDefinition(ardoise, []) from [Asset: voxels/manmadeBlocks.def from mod [ModFolder: C:\Users\Gobrosse\git\chunkstories-amd-driver-crash\res]], created [Voxel name:ardoise]
2018-12-11 07:53:13,859 DEBUG [content.voxels] [Main thread] [VoxelsStore.kt:64] Loaded VoxelDefinition(ardoise_stairs, [class, opaque, material, texture]) from [Asset: voxels/manmadeBlocks.def from mod [ModFolder: C:\Users\Gobrosse\git\chunkstories-amd-driver-crash\res]], created [Voxel name:ardoise_stairs]
2018-12-11 07:53:13,859 DEBUG [content.voxels] [Main thread] [VoxelsStore.kt:64] Loaded VoxelDefinition(ardoise_slab, [class, opaque, material, texture]) from [Asset: voxels/manmadeBlocks.def from mod [ModFolder: C:\Users\Gobrosse\git\chunkstories-amd-driver-crash\res]], created [Voxel name:ardoise_slab]
2018-12-11 07:53:13,860 DEBUG [content.voxels] [Main thread] [VoxelsStore.kt:64] Loaded VoxelDefinition(hardsand_stairs, [class, opaque, material, texture]) from [Asset: voxels/manmadeBlocks.def from mod [ModFolder: C:\Users\Gobrosse\git\chunkstories-amd-driver-crash\res]], created [Voxel name:hardsand_stairs]
2018-12-11 07:53:13,861 DEBUG [content.voxels] [Main thread] [VoxelsStore.kt:64] Loaded VoxelDefinition(hardsand_slab, [class, opaque, material, texture]) from [Asset: voxels/manmadeBlocks.def from mod [ModFolder: C:\Users\Gobrosse\git\chunkstories-amd-driver-crash\res]], created [Voxel name:hardsand_slab]
2018-12-11 07:53:13,861 DEBUG [content.voxels] [Main thread] [VoxelsStore.kt:64] Loaded VoxelDefinition(redbricks, []) from [Asset: voxels/manmadeBlocks.def from mod [ModFolder: C:\Users\Gobrosse\git\chunkstories-amd-driver-crash\res]], created [Voxel name:redbricks]
2018-12-11 07:53:13,862 DEBUG [content.voxels] [Main thread] [VoxelsStore.kt:64] Loaded VoxelDefinition(glass, [opaque, selfOpaque, hardness, hardnessForAxe]) from [Asset: voxels/manmadeBlocks.def from mod [ModFolder: C:\Users\Gobrosse\git\chunkstories-amd-driver-crash\res]], created [Voxel name:glass]
2018-12-11 07:53:13,862 DEBUG [content.voxels] [Main thread] [VoxelsStore.kt:64] Loaded VoxelDefinition(glass_pane, [class, opaque, selfOpaque, texture, material, hardness]) from [Asset: voxels/manmadeBlocks.def from mod [ModFolder: C:\Users\Gobrosse\git\chunkstories-amd-driver-crash\res]], created [Voxel name:glass_pane]
2018-12-11 07:53:13,863 DEBUG [content.voxels] [Main thread] [VoxelsStore.kt:64] Loaded VoxelDefinition(smoothstone, [material]) from [Asset: voxels/manmadeBlocks.def from mod [ModFolder: C:\Users\Gobrosse\git\chunkstories-amd-driver-crash\res]], created [Voxel name:smoothstone]
2018-12-11 07:53:13,864 DEBUG [content.voxels] [Main thread] [VoxelsStore.kt:64] Loaded VoxelDefinition(stonebrick, []) from [Asset: voxels/manmadeBlocks.def from mod [ModFolder: C:\Users\Gobrosse\git\chunkstories-amd-driver-crash\res]], created [Voxel name:stonebrick]
2018-12-11 07:53:13,864 DEBUG [content.voxels] [Main thread] [VoxelsStore.kt:64] Loaded VoxelDefinition(stonebrick_cracked, []) from [Asset: voxels/manmadeBlocks.def from mod [ModFolder: C:\Users\Gobrosse\git\chunkstories-amd-driver-crash\res]], created [Voxel name:stonebrick_cracked]
2018-12-11 07:53:13,865 DEBUG [content.voxels] [Main thread] [VoxelsStore.kt:64] Loaded VoxelDefinition(stonebrick_mossy, []) from [Asset: voxels/manmadeBlocks.def from mod [ModFolder: C:\Users\Gobrosse\git\chunkstories-amd-driver-crash\res]], created [Voxel name:stonebrick_mossy]
2018-12-11 07:53:13,865 DEBUG [content.voxels] [Main thread] [VoxelsStore.kt:64] Loaded VoxelDefinition(stonebrick_stairs, [class, opaque, material, texture]) from [Asset: voxels/manmadeBlocks.def from mod [ModFolder: C:\Users\Gobrosse\git\chunkstories-amd-driver-crash\res]], created [Voxel name:stonebrick_stairs]
2018-12-11 07:53:13,866 DEBUG [content.voxels] [Main thread] [VoxelsStore.kt:64] Loaded VoxelDefinition(stonebrick_slab, [class, opaque, material, texture]) from [Asset: voxels/manmadeBlocks.def from mod [ModFolder: C:\Users\Gobrosse\git\chunkstories-amd-driver-crash\res]], created [Voxel name:stonebrick_slab]
2018-12-11 07:53:13,867 DEBUG [content.voxels] [Main thread] [VoxelsStore.kt:64] Loaded VoxelDefinition(fancy_andesite, [material]) from [Asset: voxels/manmadeBlocks.def from mod [ModFolder: C:\Users\Gobrosse\git\chunkstories-amd-driver-crash\res]], created [Voxel name:fancy_andesite]
2018-12-11 07:53:13,868 DEBUG [content.voxels] [Main thread] [VoxelsStore.kt:64] Loaded VoxelDefinition(fancy_granite, [material]) from [Asset: voxels/manmadeBlocks.def from mod [ModFolder: C:\Users\Gobrosse\git\chunkstories-amd-driver-crash\res]], created [Voxel name:fancy_granite]
2018-12-11 07:53:13,868 DEBUG [content.voxels] [Main thread] [VoxelsStore.kt:64] Loaded VoxelDefinition(fancy_marble, [material]) from [Asset: voxels/manmadeBlocks.def from mod [ModFolder: C:\Users\Gobrosse\git\chunkstories-amd-driver-crash\res]], created [Voxel name:fancy_marble]
2018-12-11 07:53:13,869 DEBUG [content.voxels] [Main thread] [VoxelsStore.kt:64] Loaded VoxelDefinition(fullslab, [material, textures, textures.sides, textures.top, textures.bottom]) from [Asset: voxels/manmadeBlocks.def from mod [ModFolder: C:\Users\Gobrosse\git\chunkstories-amd-driver-crash\res]], created [Voxel name:fullslab]
2018-12-11 07:53:13,870 DEBUG [content.voxels] [Main thread] [VoxelsStore.kt:64] Loaded VoxelDefinition(slab, [class, opaque, material, texture]) from [Asset: voxels/manmadeBlocks.def from mod [ModFolder: C:\Users\Gobrosse\git\chunkstories-amd-driver-crash\res]], created [Voxel name:slab]
2018-12-11 07:53:13,871 DEBUG [content.voxels] [Main thread] [VoxelsStore.kt:64] Loaded VoxelDefinition(iron_block, []) from [Asset: voxels/manmadeBlocks.def from mod [ModFolder: C:\Users\Gobrosse\git\chunkstories-amd-driver-crash\res]], created [Voxel name:iron_block]
2018-12-11 07:53:13,871 DEBUG [content.voxels] [Main thread] [VoxelsStore.kt:64] Loaded VoxelDefinition(gold_block, []) from [Asset: voxels/manmadeBlocks.def from mod [ModFolder: C:\Users\Gobrosse\git\chunkstories-amd-driver-crash\res]], created [Voxel name:gold_block]
2018-12-11 07:53:13,872 DEBUG [content.voxels] [Main thread] [VoxelsStore.kt:64] Loaded VoxelDefinition(ironGrill, [class, opaque, selfOpaque, material]) from [Asset: voxels/manmadeBlocks.def from mod [ModFolder: C:\Users\Gobrosse\git\chunkstories-amd-driver-crash\res]], created [Voxel name:ironGrill]
2018-12-11 07:53:13,873 DEBUG [content.voxels] [Main thread] [VoxelsStore.kt:64] Loaded VoxelDefinition(rails, [class, solid, opaque, representation, representation.model]) from [Asset: voxels/manmadeBlocks.def from mod [ModFolder: C:\Users\Gobrosse\git\chunkstories-amd-driver-crash\res]], created [Voxel name:rails]
2018-12-11 07:53:13,873 DEBUG [content.voxels] [Main thread] [VoxelsStore.kt:64] Loaded VoxelDefinition(iron_door, [class, opaque, material]) from [Asset: voxels/manmadeBlocks.def from mod [ModFolder: C:\Users\Gobrosse\git\chunkstories-amd-driver-crash\res]], created [Voxel name:iron_door]
2018-12-11 07:53:13,874 DEBUG [content.voxels] [Main thread] [VoxelsStore.kt:64] Loaded VoxelDefinition(iron_door_top, [class, opaque, material]) from [Asset: voxels/manmadeBlocks.def from mod [ModFolder: C:\Users\Gobrosse\git\chunkstories-amd-driver-crash\res]], created [Voxel name:iron_door_top]
2018-12-11 07:53:13,875 DEBUG [content.voxels] [Main thread] [VoxelsStore.kt:64] Loaded VoxelDefinition(whool, [class, variants]) from [Asset: voxels/manmadeBlocks.def from mod [ModFolder: C:\Users\Gobrosse\git\chunkstories-amd-driver-crash\res]], created [Voxel name:whool]
2018-12-11 07:53:13,876 DEBUG [content.voxels] [Main thread] [VoxelsStore.kt:64] Loaded VoxelDefinition(colored, [class, material, texture, variants]) from [Asset: voxels/manmadeBlocks.def from mod [ModFolder: C:\Users\Gobrosse\git\chunkstories-amd-driver-crash\res]], created [Voxel name:colored]
2018-12-11 07:53:13,876 DEBUG [content.voxels] [Main thread] [VoxelsStore.kt:64] Loaded VoxelDefinition(path, [opaque, selfOpaque, material, texture, collisionBox, representation, representation.model]) from [Asset: voxels/manmadeBlocks.def from mod [ModFolder: C:\Users\Gobrosse\git\chunkstories-amd-driver-crash\res]], created [Voxel name:path]
2018-12-11 07:53:13,877 DEBUG [content.voxels] [Main thread] [VoxelsStore.kt:64] Loaded VoxelDefinition(cobble_wall, [class, opaque, texture, material]) from [Asset: voxels/manmadeBlocks.def from mod [ModFolder: C:\Users\Gobrosse\git\chunkstories-amd-driver-crash\res]], created [Voxel name:cobble_wall]
2018-12-11 07:53:13,877 DEBUG [content.voxels] [Main thread] [VoxelsStore.kt:64] Loaded VoxelDefinition(soil, [opaque, selfOpaque, material, collisionBox, representation, representation.model]) from [Asset: voxels/manmadeBlocks.def from mod [ModFolder: C:\Users\Gobrosse\git\chunkstories-amd-driver-crash\res]], created [Voxel name:soil]
2018-12-11 07:53:13,878 DEBUG [content.voxels] [Main thread] [VoxelsStore.kt:64] Loaded VoxelDefinition(hay, [material, textures, textures.top, textures.sides]) from [Asset: voxels/manmadeBlocks.def from mod [ModFolder: C:\Users\Gobrosse\git\chunkstories-amd-driver-crash\res]], created [Voxel name:hay]
2018-12-11 07:53:13,878 DEBUG [content.voxels] [Main thread] [VoxelsStore.kt:67] Parsed file [Asset: voxels/manmadeBlocks.def from mod [ModFolder: C:\Users\Gobrosse\git\chunkstories-amd-driver-crash\res]] correctly, loading 0 voxels.
2018-12-11 07:53:13,879 DEBUG [content.voxels] [Main thread] [VoxelsStore.kt:52] Reading voxels definitions in : [Asset: voxels/liquids.def from mod [ModFolder: C:\Users\Gobrosse\git\chunkstories-amd-driver-crash\res]]
2018-12-11 07:53:13,880 DEBUG [content.voxels] [Main thread] [VoxelsStore.kt:64] Loaded VoxelDefinition(water, [class, solid, opaque, selfOpaque, shadingLightLevel]) from [Asset: voxels/liquids.def from mod [ModFolder: C:\Users\Gobrosse\git\chunkstories-amd-driver-crash\res]], created [Voxel name:water]
2018-12-11 07:53:13,881 DEBUG [content.voxels] [Main thread] [VoxelsStore.kt:64] Loaded VoxelDefinition(lava, [class, solid, opaque, selfOpaque, emittingLightLevel]) from [Asset: voxels/liquids.def from mod [ModFolder: C:\Users\Gobrosse\git\chunkstories-amd-driver-crash\res]], created [Voxel name:lava]
2018-12-11 07:53:13,881 DEBUG [content.voxels] [Main thread] [VoxelsStore.kt:67] Parsed file [Asset: voxels/liquids.def from mod [ModFolder: C:\Users\Gobrosse\git\chunkstories-amd-driver-crash\res]] correctly, loading 0 voxels.
2018-12-11 07:53:13,883 DEBUG [content.entities] [Main thread] [EntityDefinitionsStore.kt:41] Reading entities definitions in : [Asset: entities/coreEntities.def from mod [ModFolder: C:\Users\Gobrosse\git\chunkstories-amd-driver-crash\res]]
2018-12-11 07:53:13,891 DEBUG [content.entities] [Main thread] [EntityDefinitionsStore.kt:53] Loaded entity definition io.xol.chunkstories.api.entity.EntityDefinition@4102b1b1
2018-12-11 07:53:13,892 DEBUG [content.entities] [Main thread] [EntityDefinitionsStore.kt:53] Loaded entity definition io.xol.chunkstories.api.entity.EntityDefinition@6bd51ed8
2018-12-11 07:53:13,893 DEBUG [content.entities] [Main thread] [EntityDefinitionsStore.kt:53] Loaded entity definition io.xol.chunkstories.api.entity.EntityDefinition@eadb475
2018-12-11 07:53:13,894 DEBUG [content.packets] [Main thread] [PacketsStore.java:72] Reading packets definitions in : system.packets
2018-12-11 07:53:13,895 DEBUG [content.generators] [Main thread] [WorldGeneratorsStore.kt:40] Reading wrld generators definitions in : [Asset: generators/defaultGenerators.def from mod [ModFolder: C:\Users\Gobrosse\git\chunkstories-amd-driver-crash\res]]
2018-12-11 07:53:13,901 DEBUG [content.generators] [Main thread] [WorldGeneratorsStore.kt:51] Loaded io.xol.chunkstories.api.world.generator.WorldGeneratorDefinition@1c05a54d from [Asset: generators/defaultGenerators.def from mod [ModFolder: C:\Users\Gobrosse\git\chunkstories-amd-driver-crash\res]]
2018-12-11 07:53:13,902 DEBUG [content.generators] [Main thread] [WorldGeneratorsStore.kt:51] Loaded io.xol.chunkstories.api.world.generator.WorldGeneratorDefinition@65ef722a from [Asset: generators/defaultGenerators.def from mod [ModFolder: C:\Users\Gobrosse\git\chunkstories-amd-driver-crash\res]]
2018-12-11 07:53:13,903 DEBUG [content.generators] [Main thread] [WorldGeneratorsStore.kt:51] Loaded io.xol.chunkstories.api.world.generator.WorldGeneratorDefinition@5fd9b663 from [Asset: generators/defaultGenerators.def from mod [ModFolder: C:\Users\Gobrosse\git\chunkstories-amd-driver-crash\res]]
2018-12-11 07:53:13,903 DEBUG [content.generators] [Main thread] [WorldGeneratorsStore.kt:51] Loaded io.xol.chunkstories.api.world.generator.WorldGeneratorDefinition@214894fc from [Asset: generators/defaultGenerators.def from mod [ModFolder: C:\Users\Gobrosse\git\chunkstories-amd-driver-crash\res]]
2018-12-11 07:53:13,904 DEBUG [content.generators] [Main thread] [WorldGeneratorsStore.kt:51] Loaded io.xol.chunkstories.api.world.generator.WorldGeneratorDefinition@10567255 from [Asset: generators/defaultGenerators.def from mod [ModFolder: C:\Users\Gobrosse\git\chunkstories-amd-driver-crash\res]]
2018-12-11 07:53:13,905 INFO [content.localization] [Main thread] [LocalizationManagerImplementation.java:80] Loading translation from asset asset: [Asset: lang/en/lang.info from mod [ModFolder: C:\Users\Gobrosse\git\chunkstories-amd-driver-crash\res]]
2018-12-11 07:53:13,912 DEBUG [client.workers] [Main thread] [Lwjgl3KeyBindCompound.java:45] Initialized keyBindCompound reloadContent for 2 keys.
2018-12-11 07:53:13,913 DEBUG [client.workers] [Main thread] [Lwjgl3KeyBindCompound.java:45] Initialized keyBindCompound redrawChunks for 2 keys.
2018-12-11 07:53:13,913 DEBUG [client.workers] [Main thread] [Lwjgl3KeyBindCompound.java:45] Initialized keyBindCompound copy for 2 keys.
2018-12-11 07:53:13,914 DEBUG [client.workers] [Main thread] [Lwjgl3KeyBindCompound.java:45] Initialized keyBindCompound paste for 2 keys.
2018-12-11 07:53:13,914 DEBUG [client.workers] [Main thread] [Lwjgl3KeyBindCompound.java:45] Initialized keyBindCompound deleteLine for 2 keys.
2018-12-11 07:53:13,922 DEBUG [rendering.fonts] [Main thread] [TrueTypeFont.java:88] Loading font:[Asset: fonts/LiberationSans-Regular.ttf from mod [ModFolder: C:\Users\Gobrosse\git\chunkstories-amd-driver-crash\res]]fontSize: 12.0
2018-12-11 07:53:14,006 DEBUG [rendering.fonts] [Main thread] [TrueTypeFont.java:88] Loading font:[Asset: fonts/LiberationSans-Regular.ttf from mod [ModFolder: C:\Users\Gobrosse\git\chunkstories-amd-driver-crash\res]]fontSize: 12.0
2018-12-11 07:53:15,209 DEBUG [client.login] [Thread-12] [LoginPrompt.kt:128] Received login answer
2018-12-11 07:53:15,219 DEBUG [rendering.fonts] [Thread-12] [TrueTypeFont.java:88] Loading font:[Asset: fonts/LiberationSansNarrow-Bold.ttf from mod [ModFolder: C:\Users\Gobrosse\git\chunkstories-amd-driver-crash\res]]fontSize: 16.0
2018-12-11 07:53:15,238 DEBUG [rendering.fonts] [Thread-12] [TrueTypeFont.java:88] Loading font:[Asset: fonts/LiberationSansNarrow-Bold.ttf from mod [ModFolder: C:\Users\Gobrosse\git\chunkstories-amd-driver-crash\res]]fontSize: 18.666
2018-12-11 07:53:15,258 WARN [content.modsManager] [Main thread] [ModsManagerImplementation.kt:331] Requesting asset using the old deprecated ./ prefix !
2018-12-11 07:53:15,297 DEBUG [rendering.fonts] [Main thread] [TrueTypeFont.java:88] Loading font:[Asset: fonts/LiberationSansNarrow-Bold.ttf from mod [ModFolder: C:\Users\Gobrosse\git\chunkstories-amd-driver-crash\res]]fontSize: 16.2
2018-12-11 07:53:15,326 DEBUG [rendering.fonts] [Main thread] [TrueTypeFont.java:88] Loading font:[Asset: fonts/LiberationSansNarrow-Bold.ttf from mod [ModFolder: C:\Users\Gobrosse\git\chunkstories-amd-driver-crash\res]]fontSize: 16.5
2018-12-11 07:53:15,833 DEBUG [rendering.fonts] [Main thread] [TrueTypeFont.java:88] Loading font:[Asset: fonts/LiberationSans-Regular.ttf from mod [ModFolder: C:\Users\Gobrosse\git\chunkstories-amd-driver-crash\res]]fontSize: 16.0
2018-12-11 07:53:16,466 DEBUG [ROOT] [Main thread] [IngameClientLocalHost.kt:30] Entering world WorldInfo(internalName=namalsk_cs20, name=namalsk-cs20, description=Automatic conversion of the Minecraft map 'C:/Users/Gobrosse/namalsk-map', seed=-5912834897490787643, size=MEDIUM, generatorName=blank)
2018-12-11 07:53:16,486 INFO [world.io] [Thread-14] [IOTasks.java:60] IO Thread started for 'namalsk-cs20'
2018-12-11 07:53:16,487 INFO [plugins] [Main thread] [DefaultPluginManager.java:144] 1 plugins to initialize
2018-12-11 07:53:16,489 WARN [plugins] [Main thread] [DefaultPluginManager.java:210] Can't register CommandHandler io.xol.chunkstories.core.cli.FoodCommand@239f017e for command food : Command isn't defined.
2018-12-11 07:53:16,489 INFO [ROOT] [Main thread] [CoreContentPlugin.java:29] INIT CORE CONTENT PLUGIN
2018-12-11 07:53:16,489 INFO [ROOT] [Main thread] [CoreContentPlugin.java:31] Installing additional options
2018-12-11 07:53:16,497 INFO [plugins] [Main thread] [DefaultPluginManager.java:315] Successuflly added EventHandler for io.xol.chunkstories.api.events.item.EventItemDroppedToWorldin io.xol.chunkstories.core.logic.ItemsLogicListener@1e4c6583 of plugin io.xol.chunkstories.core.CoreContentPlugin@1fedf0a4
2018-12-11 07:53:16,498 INFO [plugins] [Main thread] [DefaultPluginManager.java:315] Successuflly added EventHandler for io.xol.chunkstories.api.events.entity.EntityTeleportEventin io.xol.chunkstories.core.logic.EntityLogicListener@609e57da of plugin io.xol.chunkstories.core.CoreContentPlugin@1fedf0a4
2018-12-11 07:53:16,534 INFO [worldlogic] [World 'namalsk_cs20' logic thread] [WorldLogicThread.java:72] Security manager: null
2018-12-11 07:53:16,600 DEBUG [client.shaders] [Main thread] [SpirvCrossHelper.kt:80] parse1 OK
2018-12-11 07:53:16,601 DEBUG [client.shaders] [Main thread] [SpirvCrossHelper.kt:80] parse1 OK
2018-12-11 07:53:16,602 DEBUG [client.shaders] [Main thread] [SpirvCrossHelper.kt:89] link OK
2018-12-11 07:53:16,602 DEBUG [client.shaders] [Main thread] [SpirvCrossHelper.kt:92] io mapping OK
2018-12-11 07:53:16,682 DEBUG [client.shaders] [Main thread] [SpirvCrossHelper.kt:328] parse OK
2018-12-11 07:53:16,684 DEBUG [client.shaders] [Main thread] [SpirvCrossHelper.kt:328] parse OK
2018-12-11 07:53:16,684 DEBUG [client.shaders] [Main thread] [SpirvCrossHelper.kt:337] link OK
2018-12-11 07:53:16,684 DEBUG [client.shaders] [Main thread] [SpirvCrossHelper.kt:340] io mapping OK
2018-12-11 07:53:16,687 DEBUG [client.shaders] [Main thread] [SpirvCrossHelper.kt:353] 690 spirv bytes generated
2018-12-11 07:53:16,688 DEBUG [client.shaders] [Main thread] [SpirvCrossHelper.kt:353] 532 spirv bytes generated
2018-12-11 07:53:16,746 DEBUG [client.shaders] [Main thread] [SpirvCrossHelper.kt:80] parse1 OK
2018-12-11 07:53:16,747 DEBUG [client.shaders] [Main thread] [SpirvCrossHelper.kt:80] parse1 OK
2018-12-11 07:53:16,747 DEBUG [client.shaders] [Main thread] [SpirvCrossHelper.kt:89] link OK
2018-12-11 07:53:16,747 DEBUG [client.shaders] [Main thread] [SpirvCrossHelper.kt:92] io mapping OK
2018-12-11 07:53:16,809 DEBUG [client.shaders] [Main thread] [SpirvCrossHelper.kt:328] parse OK
2018-12-11 07:53:16,810 DEBUG [client.shaders] [Main thread] [SpirvCrossHelper.kt:328] parse OK
2018-12-11 07:53:16,810 DEBUG [client.shaders] [Main thread] [SpirvCrossHelper.kt:337] link OK
2018-12-11 07:53:16,811 DEBUG [client.shaders] [Main thread] [SpirvCrossHelper.kt:340] io mapping OK
2018-12-11 07:53:16,813 DEBUG [client.shaders] [Main thread] [SpirvCrossHelper.kt:353] 399 spirv bytes generated
2018-12-11 07:53:16,814 DEBUG [client.shaders] [Main thread] [SpirvCrossHelper.kt:353] 102 spirv bytes generated
2018-12-11 07:53:16,869 DEBUG [client.shaders] [Main thread] [SpirvCrossHelper.kt:80] parse1 OK
2018-12-11 07:53:16,870 DEBUG [client.shaders] [Main thread] [SpirvCrossHelper.kt:80] parse1 OK
2018-12-11 07:53:16,870 DEBUG [client.shaders] [Main thread] [SpirvCrossHelper.kt:89] link OK
2018-12-11 07:53:16,871 DEBUG [client.shaders] [Main thread] [SpirvCrossHelper.kt:92] io mapping OK
2018-12-11 07:53:16,928 DEBUG [client.shaders] [Main thread] [SpirvCrossHelper.kt:328] parse OK
2018-12-11 07:53:16,929 DEBUG [client.shaders] [Main thread] [SpirvCrossHelper.kt:328] parse OK
2018-12-11 07:53:16,929 DEBUG [client.shaders] [Main thread] [SpirvCrossHelper.kt:337] link OK
2018-12-11 07:53:16,930 DEBUG [client.shaders] [Main thread] [SpirvCrossHelper.kt:340] io mapping OK
2018-12-11 07:53:16,932 DEBUG [client.shaders] [Main thread] [SpirvCrossHelper.kt:353] 231 spirv bytes generated
2018-12-11 07:53:16,933 DEBUG [client.shaders] [Main thread] [SpirvCrossHelper.kt:353] 260 spirv bytes generated
2018-12-11 07:53:16,986 DEBUG [client.shaders] [Main thread] [SpirvCrossHelper.kt:80] parse1 OK
2018-12-11 07:53:16,987 DEBUG [client.shaders] [Main thread] [SpirvCrossHelper.kt:80] parse1 OK
2018-12-11 07:53:16,988 DEBUG [client.shaders] [Main thread] [SpirvCrossHelper.kt:89] link OK
2018-12-11 07:53:16,988 DEBUG [client.shaders] [Main thread] [SpirvCrossHelper.kt:92] io mapping OK
2018-12-11 07:53:17,047 DEBUG [client.shaders] [Main thread] [SpirvCrossHelper.kt:328] parse OK
2018-12-11 07:53:17,048 DEBUG [client.shaders] [Main thread] [SpirvCrossHelper.kt:328] parse OK
2018-12-11 07:53:17,048 DEBUG [client.shaders] [Main thread] [SpirvCrossHelper.kt:337] link OK
2018-12-11 07:53:17,049 DEBUG [client.shaders] [Main thread] [SpirvCrossHelper.kt:340] io mapping OK
2018-12-11 07:53:17,052 DEBUG [client.shaders] [Main thread] [SpirvCrossHelper.kt:353] 328 spirv bytes generated
2018-12-11 07:53:17,052 DEBUG [client.shaders] [Main thread] [SpirvCrossHelper.kt:353] 251 spirv bytes generated
2018-12-11 07:53:17,057 INFO [client.vulkan] [Main thread] [Pipeline.kt:46] Creating pipeline
2018-12-11 07:53:17,064 INFO [client.vulkan] [Main thread] [Pipeline.kt:46] Creating pipeline
2018-12-11 07:53:17,070 INFO [client.vulkan] [Main thread] [Pipeline.kt:46] Creating pipeline
2018-12-11 07:53:17,076 INFO [client.vulkan] [Main thread] [Pipeline.kt:46] Creating pipeline
2018-12-11 07:53:17,103 WARN [content.modsManager] [Main thread] [ModsManagerImplementation.kt:331] Requesting asset using the old deprecated ./ prefix !
