2018-12-10 21:16:16,363 INFO [sound] [Main thread] [ALSoundManager.kt:53] OpenALC10: true
2018-12-10 21:16:16,366 INFO [sound] [Main thread] [ALSoundManager.kt:54] OpenALC11: true
2018-12-10 21:16:16,366 INFO [sound] [Main thread] [ALSoundManager.kt:55] caps.ALC_EXT_EFX = true
2018-12-10 21:16:16,368 DEBUG [sound] [Main thread] [ALSoundManager.kt:63] 0: OpenAL Soft on Realtek HD Audio 2nd output (Realtek High Definition Audio)
2018-12-10 21:16:16,368 DEBUG [sound] [Main thread] [ALSoundManager.kt:63] 1: OpenAL Soft on Realtek Digital Output (Realtek High Definition Audio)
2018-12-10 21:16:16,369 INFO [sound] [Main thread] [ALSoundManager.kt:69] Default device: OpenAL Soft
2018-12-10 21:16:16,387 INFO [sound] [Main thread] [ALSoundManager.kt:80] OpenAL context successfully created, version = 1.1 ALSOFT 1.19.1
2018-12-10 21:16:16,387 INFO [sound] [Main thread] [ALSoundManager.kt:81] OpenAL Extensions avaible : AL_EXT_ALAW AL_EXT_BFORMAT AL_EXT_DOUBLE AL_EXT_EXPONENT_DISTANCE AL_EXT_FLOAT32 AL_EXT_IMA4 AL_EXT_LINEAR_DISTANCE AL_EXT_MCFORMATS AL_EXT_MULAW AL_EXT_MULAW_BFORMAT AL_EXT_MULAW_MCFORMATS AL_EXT_OFFSET AL_EXT_source_distance_model AL_EXT_SOURCE_RADIUS AL_EXT_STEREO_ANGLES AL_LOKI_quadriphonic AL_SOFT_block_alignment AL_SOFT_deferred_updates AL_SOFT_direct_channels AL_SOFTX_events AL_SOFTX_filter_gain_ex AL_SOFT_gain_clamp_ex AL_SOFT_loop_points AL_SOFTX_map_buffer AL_SOFT_MSADPCM AL_SOFT_source_latency AL_SOFT_source_length AL_SOFT_source_resampler AL_SOFT_source_spatialize
2018-12-10 21:16:16,506 INFO [client.vulkan] [Main thread] [VulkanGraphicsBackend.kt:171] Successfully created Vulkan instance
2018-12-10 21:16:16,517 INFO [client.vulkan] [Main thread] [VulkanGraphicsBackend.kt:194] Successfully registered debug callback
2018-12-10 21:16:16,518 DEBUG [client.vulkan] [Main thread] [VulkanGraphicsBackend.kt:200] Enumerating physical devices...
2018-12-10 21:16:16,524 DEBUG [client.vulkan] [Main thread] [PhysicalDevice.kt:55] Available Vulkan extensions: [VK_KHR_sampler_mirror_clamp_to_edge, VK_KHR_shader_draw_parameters, VK_KHR_swapchain, VK_KHR_maintenance1, VK_KHR_maintenance2, VK_KHR_maintenance3, VK_KHR_relaxed_block_layout, VK_KHR_dedicated_allocation, VK_KHR_descriptor_update_template, VK_KHR_external_memory, VK_KHR_external_memory_win32, VK_KHR_device_group, VK_AMD_calibrated_timestamps, VK_KHX_device_group, VK_KHR_bind_memory2, VK_KHR_external_semaphore, VK_KHR_external_semaphore_win32, VK_AMD_rasterization_order, VK_AMD_shader_ballot, VK_AMD_shader_trinary_minmax, VK_AMD_shader_explicit_vertex_parameter, VK_AMD_gcn_shader, VK_AMD_draw_indirect_count, VK_KHR_draw_indirect_count, VK_AMD_shader_info, VK_EXT_sampler_filter_minmax, VK_AMD_shader_fragment_mask, VK_EXT_hdr_metadata, VK_EXT_swapchain_colorspace, VK_AMD_wave_limits, VK_AMD_texture_gather_bias_lod, VK_AMD_mixed_attachment_samples, VK_EXT_sample_locations, VK_EXT_shader_subgroup_vote, VK_KHR_16bit_storage, VK_KHR_storage_buffer_storage_class, VK_AMD_gpa_interface, VK_EXT_shader_subgroup_ballot, VK_EXT_shader_stencil_export, VK_EXT_shader_viewport_index_layer, VK_KHR_get_memory_requirements2, VK_KHR_image_format_list, VK_KHR_shader_atomic_int64, VK_KHR_driver_properties, VK_KHR_create_renderpass2, VK_KHR_8bit_storage, VK_KHR_multiview, VK_KHR_external_fence, VK_KHR_external_fence_win32, VK_KHR_win32_keyed_mutex, VK_EXT_global_priority, VK_AMD_buffer_marker, VK_AMD_shader_image_load_store_lod, VK_EXT_external_memory_host, VK_EXT_depth_range_unrestricted, VK_AMD_shader_core_properties, VK_EXT_queue_family_foreign, VK_EXT_descriptor_indexing, VK_KHR_variable_pointers, VK_EXT_vertex_attribute_divisor, VK_GOOGLE_hlsl_functionality1, VK_GOOGLE_decorate_string, VK_AMD_memory_overallocation_behavior]
2018-12-10 21:16:16,534 DEBUG [client.vulkan] [Main thread] [VulkanGraphicsBackend.kt:222] Selecting physical device...
2018-12-10 21:16:16,534 DEBUG [client.vulkan] [Main thread] [VulkanGraphicsBackend.kt:236] Picking physical device PhysicalDevice(deviceName='Radeon RX 580 Series', deviceType=DISCRETE_GPU, queueFamilies=[QueueFamily(index=0, maxInstances=1, canGraphics=true, canCompute=true, canTransfer=true, canPresent=true), QueueFamily(index=1, maxInstances=1, canGraphics=false, canCompute=true, canTransfer=true, canPresent=true), QueueFamily(index=2, maxInstances=1, canGraphics=false, canCompute=false, canTransfer=true, canPresent=true)])
2018-12-10 21:16:16,536 DEBUG [client.vulkan] [Main thread] [LogicalDevice.kt:28] Creating logical device
2018-12-10 21:16:16,753 DEBUG [client.vulkan] [Main thread] [LogicalDevice.kt:46] Queues we would like to have: [QueueRequest(family=QueueFamily(index=0, maxInstances=1, canGraphics=true, canCompute=true, canTransfer=true, canPresent=true), target=(io.xol.chunkstories.graphics.vulkan.devices.LogicalDevice.Queue) -> kotlin.Unit), QueueRequest(family=QueueFamily(index=0, maxInstances=1, canGraphics=true, canCompute=true, canTransfer=true, canPresent=true), target=(io.xol.chunkstories.graphics.vulkan.devices.LogicalDevice.Queue) -> kotlin.Unit), QueueRequest(family=QueueFamily(index=1, maxInstances=1, canGraphics=false, canCompute=true, canTransfer=true, canPresent=true), target=(io.xol.chunkstories.graphics.vulkan.devices.LogicalDevice.Queue) -> kotlin.Unit)]
2018-12-10 21:16:16,755 DEBUG [client.vulkan] [Main thread] [LogicalDevice.kt:49] Queues of the same family merged together: {QueueFamily(index=0, maxInstances=1, canGraphics=true, canCompute=true, canTransfer=true, canPresent=true)=[QueueRequest(family=QueueFamily(index=0, maxInstances=1, canGraphics=true, canCompute=true, canTransfer=true, canPresent=true), target=(io.xol.chunkstories.graphics.vulkan.devices.LogicalDevice.Queue) -> kotlin.Unit), QueueRequest(family=QueueFamily(index=0, maxInstances=1, canGraphics=true, canCompute=true, canTransfer=true, canPresent=true), target=(io.xol.chunkstories.graphics.vulkan.devices.LogicalDevice.Queue) -> kotlin.Unit)], QueueFamily(index=1, maxInstances=1, canGraphics=false, canCompute=true, canTransfer=true, canPresent=true)=[QueueRequest(family=QueueFamily(index=1, maxInstances=1, canGraphics=false, canCompute=true, canTransfer=true, canPresent=true), target=(io.xol.chunkstories.graphics.vulkan.devices.LogicalDevice.Queue) -> kotlin.Unit)]}
2018-12-10 21:16:16,758 INFO [client.vulkan] [Main thread] [LogicalDevice.kt:57] Max queueCount() of the queue family QueueFamily(index=0, maxInstances=1, canGraphics=true, canCompute=true, canTransfer=true, canPresent=true) is under the requested amount of queues for that type (2), queue aliasing will occur
2018-12-10 21:16:16,759 INFO [client.vulkan] [Main thread] [LogicalDevice.kt:106] Enabling diverging uniform sampler indexing !
2018-12-10 21:16:16,792 DEBUG [client.vulkan] [Main thread] [LogicalDevice.kt:133] Successfully created logical device LogicalDevice(handle=529084576, graphicsQueue=Queue(handle=VkQueue pointer [0x1F8A1E10], family=QueueFamily(index=0, maxInstances=1, canGraphics=true, canCompute=true, canTransfer=true, canPresent=true)))
2018-12-10 21:16:16,813 INFO [client.vulkan] [Main thread] [RenderPassHelpers.kt:15] Creating render pass
2018-12-10 21:16:16,820 DEBUG [client.vulkan] [Main thread] [SwapChain.kt:42] Creating swapchain...
2018-12-10 21:16:16,820 DEBUG [client.vulkan] [Main thread] [SwapChain.kt:48] Asking for 2 in the swapchain
2018-12-10 21:16:16,821 DEBUG [client.vulkan] [Main thread] [SwapChain.kt:58] Using presentation mode IMMEDIATE
2018-12-10 21:16:16,829 DEBUG [client.vulkan] [Main thread] [SwapChain.kt:85] swapchain successfully created, handle=530273648
2018-12-10 21:16:16,830 DEBUG [client.vulkan] [Main thread] [SwapChain.kt:96] grabbed 2 swap chain images : [530232096, 530331104]
2018-12-10 21:16:17,421 DEBUG [client.shaders] [Main thread] [SpirvCrossHelper.kt:80] parse1 OK
2018-12-10 21:16:17,422 DEBUG [client.shaders] [Main thread] [SpirvCrossHelper.kt:80] parse1 OK
2018-12-10 21:16:17,422 DEBUG [client.shaders] [Main thread] [SpirvCrossHelper.kt:89] link OK
2018-12-10 21:16:17,423 DEBUG [client.shaders] [Main thread] [SpirvCrossHelper.kt:92] io mapping OK
2018-12-10 21:16:17,490 DEBUG [client.shaders] [Main thread] [SpirvCrossHelper.kt:328] parse OK
2018-12-10 21:16:17,491 DEBUG [client.shaders] [Main thread] [SpirvCrossHelper.kt:328] parse OK
2018-12-10 21:16:17,492 DEBUG [client.shaders] [Main thread] [SpirvCrossHelper.kt:337] link OK
2018-12-10 21:16:17,492 DEBUG [client.shaders] [Main thread] [SpirvCrossHelper.kt:340] io mapping OK
2018-12-10 21:16:17,496 DEBUG [client.shaders] [Main thread] [SpirvCrossHelper.kt:353] 513 spirv bytes generated
2018-12-10 21:16:17,496 DEBUG [client.shaders] [Main thread] [SpirvCrossHelper.kt:353] 124 spirv bytes generated
2018-12-10 21:16:17,555 DEBUG [client.shaders] [Main thread] [SpirvCrossHelper.kt:80] parse1 OK
2018-12-10 21:16:17,556 DEBUG [client.shaders] [Main thread] [SpirvCrossHelper.kt:80] parse1 OK
2018-12-10 21:16:17,556 DEBUG [client.shaders] [Main thread] [SpirvCrossHelper.kt:89] link OK
2018-12-10 21:16:17,556 DEBUG [client.shaders] [Main thread] [SpirvCrossHelper.kt:92] io mapping OK
2018-12-10 21:16:17,618 DEBUG [client.shaders] [Main thread] [SpirvCrossHelper.kt:328] parse OK
2018-12-10 21:16:17,619 DEBUG [client.shaders] [Main thread] [SpirvCrossHelper.kt:328] parse OK
2018-12-10 21:16:17,620 DEBUG [client.shaders] [Main thread] [SpirvCrossHelper.kt:337] link OK
2018-12-10 21:16:17,620 DEBUG [client.shaders] [Main thread] [SpirvCrossHelper.kt:340] io mapping OK
2018-12-10 21:16:17,623 DEBUG [client.shaders] [Main thread] [SpirvCrossHelper.kt:353] 328 spirv bytes generated
2018-12-10 21:16:17,623 DEBUG [client.shaders] [Main thread] [SpirvCrossHelper.kt:353] 251 spirv bytes generated
2018-12-10 21:16:17,629 INFO [client.vulkan] [Main thread] [Pipeline.kt:46] Creating pipeline
2018-12-10 21:16:17,663 INFO [client.vulkan] [Main thread] [Pipeline.kt:46] Creating pipeline
2018-12-10 21:16:17,839 INFO [content.modsManager] [Main thread] [ModsManagerImplementation.kt:293] Handling jar file [Asset: core.jar from mod [ModFolder: C:\Users\Gobrosse\git\chunkstories-amd-driver-crash\res]]
2018-12-10 21:16:17,840 DEBUG [content.modsManager] [Main thread] [ModsManagerImplementation.kt:302] Writing to C:\Users\Gobrosse\git\chunkstories-amd-driver-crash\.\cache\3830\2425443.jar
2018-12-10 21:16:17,847 DEBUG [content.modsManager] [Main thread] [ModsManagerImplementation.kt:312] Done writing file
2018-12-10 21:16:17,867 INFO [content.modsManager] [Main thread] [ModsManagerImplementation.kt:275] Found plugin [Plugin UNIVERSAL | Core 1.0 by XolioWare Interactive] in [ModFolder: C:\Users\Gobrosse\git\chunkstories-amd-driver-crash\res]
2018-12-10 21:16:17,869 DEBUG [content.items] [Main thread] [ItemDefinitionsStore.kt:44] Reading items definitions in : [Asset: items/basicItems.def from mod [ModFolder: C:\Users\Gobrosse\git\chunkstories-amd-driver-crash\res]]
2018-12-10 21:16:17,914 DEBUG [content.items] [Main thread] [ItemDefinitionsStore.kt:56] Loaded item definition ItemDefinition(item_voxel, [customClass, maxStackSize])
2018-12-10 21:16:17,915 DEBUG [content.items] [Main thread] [ItemDefinitionsStore.kt:56] Loaded item definition ItemDefinition(item_voxel_1x2, [customClass, maxStackSize, width, height])
2018-12-10 21:16:17,915 DEBUG [content.items] [Main thread] [ItemDefinitionsStore.kt:56] Loaded item definition ItemDefinition(iron_pickaxe, [class, toolType, miningEfficiency, model, modelDiffuse])
2018-12-10 21:16:17,916 DEBUG [content.items] [Main thread] [ItemDefinitionsStore.kt:56] Loaded item definition ItemDefinition(iron_shovel, [class, toolType, miningEfficiency])
2018-12-10 21:16:17,916 DEBUG [content.items] [Main thread] [ItemDefinitionsStore.kt:56] Loaded item definition ItemDefinition(iron_axe, [class, toolType, miningEfficiency])
2018-12-10 21:16:17,916 DEBUG [content.items] [Main thread] [ItemDefinitionsStore.kt:56] Loaded item definition ItemDefinition(bread, [customClass, calories, maxStackSize])
2018-12-10 21:16:17,917 DEBUG [content.items] [Main thread] [ItemDefinitionsStore.kt:56] Loaded item definition ItemDefinition(soup, [customClass, calories, maxStackSize])
2018-12-10 21:16:17,917 DEBUG [content.items] [Main thread] [ItemDefinitionsStore.kt:56] Loaded item definition ItemDefinition(cookie, [customClass, calories, maxStackSize])
2018-12-10 21:16:17,917 DEBUG [content.items] [Main thread] [ItemDefinitionsStore.kt:56] Loaded item definition ItemDefinition(pie, [customClass, calories, maxStackSize])
2018-12-10 21:16:17,918 DEBUG [content.items] [Main thread] [ItemDefinitionsStore.kt:56] Loaded item definition ItemDefinition(apple, [customClass, calories, maxStackSize])
2018-12-10 21:16:17,918 DEBUG [content.items] [Main thread] [ItemDefinitionsStore.kt:56] Loaded item definition ItemDefinition(steak, [customClass, calories, maxStackSize])
2018-12-10 21:16:17,919 DEBUG [content.items] [Main thread] [ItemDefinitionsStore.kt:56] Loaded item definition ItemDefinition(ble, [customClass, calories, maxStackSize])
2018-12-10 21:16:17,919 DEBUG [content.items] [Main thread] [ItemDefinitionsStore.kt:56] Loaded item definition ItemDefinition(bow, [])
2018-12-10 21:16:17,920 DEBUG [content.items] [Main thread] [ItemDefinitionsStore.kt:56] Loaded item definition ItemDefinition(arrow, [])
2018-12-10 21:16:17,920 DEBUG [content.items] [Main thread] [ItemDefinitionsStore.kt:56] Loaded item definition ItemDefinition(stick, [])
2018-12-10 21:16:17,920 DEBUG [content.items] [Main thread] [ItemDefinitionsStore.kt:56] Loaded item definition ItemDefinition(diamond, [])
2018-12-10 21:16:17,921 DEBUG [content.items] [Main thread] [ItemDefinitionsStore.kt:56] Loaded item definition ItemDefinition(gold_bar, [])
2018-12-10 21:16:17,921 DEBUG [content.items] [Main thread] [ItemDefinitionsStore.kt:56] Loaded item definition ItemDefinition(iron_bar, [])
2018-12-10 21:16:17,921 DEBUG [content.items] [Main thread] [ItemDefinitionsStore.kt:56] Loaded item definition ItemDefinition(copper_bar, [])
2018-12-10 21:16:17,922 DEBUG [content.items] [Main thread] [ItemDefinitionsStore.kt:56] Loaded item definition ItemDefinition(coal, [])
2018-12-10 21:16:17,922 DEBUG [content.items] [Main thread] [ItemDefinitionsStore.kt:56] Loaded item definition ItemDefinition(weapon_ak47, [customClass, width, height, maxStackSize, roundsPerMinute, fireMode, reloadCooldown, range, soundRange, accuracy, damage, fireSound, modelObj, modelDiffuse, shootingAnimationName, shootingAnimationDuration])
2018-12-10 21:16:17,923 DEBUG [content.items] [Main thread] [ItemDefinitionsStore.kt:56] Loaded item definition ItemDefinition(mag_ak47, [customClass, width, height, maxStackSize, forWeapon])
2018-12-10 21:16:17,924 DEBUG [content.materials] [Main thread] [VoxelMaterialsStore.kt:41] Reading voxel material definitions in : [Asset: voxels/materials/vanillaMaterials.def from mod [ModFolder: C:\Users\Gobrosse\git\chunkstories-amd-driver-crash\res]]
2018-12-10 21:16:17,933 DEBUG [content.materials] [Main thread] [VoxelMaterialsStore.kt:56] Loaded voxel material VoxelMaterial(default, [sounds, walkingSounds, runningSounds, jumpingSounds, landingSounds])
2018-12-10 21:16:17,933 DEBUG [content.materials] [Main thread] [VoxelMaterialsStore.kt:56] Loaded voxel material VoxelMaterial(dirt, [walkingSounds, runningSounds, landingSounds, jumpingSounds, materialHardnessForShovel])
2018-12-10 21:16:17,934 DEBUG [content.materials] [Main thread] [VoxelMaterialsStore.kt:56] Loaded voxel material VoxelMaterial(stone, [walkingSounds, runningSounds, landingSounds, jumpingSounds, materialHardnessForPickaxe])
2018-12-10 21:16:17,934 DEBUG [content.materials] [Main thread] [VoxelMaterialsStore.kt:56] Loaded voxel material VoxelMaterial(grass, [walkingSounds, runningSounds, landingSounds, jumpingSounds, materialHardnessForShovel])
2018-12-10 21:16:17,935 DEBUG [content.materials] [Main thread] [VoxelMaterialsStore.kt:56] Loaded voxel material VoxelMaterial(plant, [materialHardness])
2018-12-10 21:16:17,935 DEBUG [content.materials] [Main thread] [VoxelMaterialsStore.kt:56] Loaded voxel material VoxelMaterial(water, [walkingSounds, runningSounds, landingSounds, jumpingSounds])
2018-12-10 21:16:17,936 DEBUG [content.materials] [Main thread] [VoxelMaterialsStore.kt:56] Loaded voxel material VoxelMaterial(glass, [bulletBreakable])
2018-12-10 21:16:17,936 DEBUG [content.materials] [Main thread] [VoxelMaterialsStore.kt:56] Loaded voxel material VoxelMaterial(sand, [walkingSounds, runningSounds, landingSounds, jumpingSounds, materialHardnessForShovel])
2018-12-10 21:16:17,937 DEBUG [content.materials] [Main thread] [VoxelMaterialsStore.kt:56] Loaded voxel material VoxelMaterial(concrete, [walkingSounds, runningSounds, landingSounds, jumpingSounds, hardness, materialHardnessForPickaxe])
2018-12-10 21:16:17,937 DEBUG [content.materials] [Main thread] [VoxelMaterialsStore.kt:56] Loaded voxel material VoxelMaterial(snow, [sounds, walkingSounds, runningSounds, landingSounds, jumpingSounds, materialHardnessForShovel])
2018-12-10 21:16:17,938 DEBUG [content.materials] [Main thread] [VoxelMaterialsStore.kt:56] Loaded voxel material VoxelMaterial(metal, [sounds, walkingSounds, runningSounds, landingSounds, jumpingSounds, materialHardness])
2018-12-10 21:16:17,938 DEBUG [content.materials] [Main thread] [VoxelMaterialsStore.kt:56] Loaded voxel material VoxelMaterial(wet, [])
2018-12-10 21:16:17,938 DEBUG [content.materials] [Main thread] [VoxelMaterialsStore.kt:56] Loaded voxel material VoxelMaterial(metalbar, [walkingSounds, runningSounds, landingSounds, jumpingSounds])
2018-12-10 21:16:17,939 DEBUG [content.materials] [Main thread] [VoxelMaterialsStore.kt:56] Loaded voxel material VoxelMaterial(gravel, [walkingSounds, runningSounds, landingSounds, jumpingSounds, materialHardnessForShovel])
2018-12-10 21:16:17,939 DEBUG [content.materials] [Main thread] [VoxelMaterialsStore.kt:56] Loaded voxel material VoxelMaterial(bluntwood, [walkingSounds, runningSounds, landingSounds, jumpingSounds, materialHardnessForAxe])
2018-12-10 21:16:17,940 DEBUG [content.voxels.textures] [Main thread] [VoxelTexturesStoreAndAtlaser.java:73] Rebuilding texture atlas
2018-12-10 21:16:18,061 DEBUG [content.voxels.textures] [Main thread] [VoxelTexturesStoreAndAtlaser.java:175] This is a client so we'll make the texture atlas
2018-12-10 21:16:19,380 WARN [content.voxels.textures] [Main thread] [VoxelTexturesStoreAndAtlaser.java:377] Parse error in file [Asset: voxels/textures/meta.txt from mod [ModFolder: C:\Users\Gobrosse\git\chunkstories-amd-driver-crash\res]], line 3, unexpected parameter.
2018-12-10 21:16:19,380 WARN [content.voxels.textures] [Main thread] [VoxelTexturesStoreAndAtlaser.java:361] Parse error in file [Asset: voxels/textures/meta.txt from mod [ModFolder: C:\Users\Gobrosse\git\chunkstories-amd-driver-crash\res]], line 4, unexpected 'end' token.
2018-12-10 21:16:19,381 WARN [content.voxels.textures] [Main thread] [VoxelTexturesStoreAndAtlaser.java:377] Parse error in file [Asset: voxels/textures/meta.txt from mod [ModFolder: C:\Users\Gobrosse\git\chunkstories-amd-driver-crash\res]], line 11, unexpected parameter.
2018-12-10 21:16:19,382 WARN [content.voxels.textures] [Main thread] [VoxelTexturesStoreAndAtlaser.java:361] Parse error in file [Asset: voxels/textures/meta.txt from mod [ModFolder: C:\Users\Gobrosse\git\chunkstories-amd-driver-crash\res]], line 12, unexpected 'end' token.
2018-12-10 21:16:19,382 WARN [content.voxels.textures] [Main thread] [VoxelTexturesStoreAndAtlaser.java:377] Parse error in file [Asset: voxels/textures/meta.txt from mod [ModFolder: C:\Users\Gobrosse\git\chunkstories-amd-driver-crash\res]], line 15, unexpected parameter.
2018-12-10 21:16:19,383 WARN [content.voxels.textures] [Main thread] [VoxelTexturesStoreAndAtlaser.java:361] Parse error in file [Asset: voxels/textures/meta.txt from mod [ModFolder: C:\Users\Gobrosse\git\chunkstories-amd-driver-crash\res]], line 16, unexpected 'end' token.
2018-12-10 21:16:19,386 DEBUG [content.voxels] [Main thread] [VoxelsStore.kt:52] Reading voxels definitions in : [Asset: voxels/naturalBlocks.def from mod [ModFolder: C:\Users\Gobrosse\git\chunkstories-amd-driver-crash\res]]
2018-12-10 21:16:19,397 DEBUG [content.voxels] [Main thread] [VoxelsStore.kt:64] Loaded VoxelDefinition(grass, [textures, textures.top, textures.sides]) from [Asset: voxels/naturalBlocks.def from mod [ModFolder: C:\Users\Gobrosse\git\chunkstories-amd-driver-crash\res]], created [Voxel name:grass]
2018-12-10 21:16:19,398 DEBUG [content.voxels] [Main thread] [VoxelsStore.kt:64] Loaded VoxelDefinition(forestgrass, [textures, textures.top, textures.sides]) from [Asset: voxels/naturalBlocks.def from mod [ModFolder: C:\Users\Gobrosse\git\chunkstories-amd-driver-crash\res]], created [Voxel name:forestgrass]
2018-12-10 21:16:19,399 DEBUG [content.voxels] [Main thread] [VoxelsStore.kt:64] Loaded VoxelDefinition(drygrass, [textures, textures.top, textures.sides]) from [Asset: voxels/naturalBlocks.def from mod [ModFolder: C:\Users\Gobrosse\git\chunkstories-amd-driver-crash\res]], created [Voxel name:drygrass]
2018-12-10 21:16:19,399 DEBUG [content.voxels] [Main thread] [VoxelsStore.kt:64] Loaded VoxelDefinition(grass_prop, [solid, opaque, representation, representation.model]) from [Asset: voxels/naturalBlocks.def from mod [ModFolder: C:\Users\Gobrosse\git\chunkstories-amd-driver-crash\res]], created [Voxel name:grass_prop]
2018-12-10 21:16:19,400 DEBUG [content.voxels] [Main thread] [VoxelsStore.kt:64] Loaded VoxelDefinition(dead_grass, [solid, opaque, representation, representation.model]) from [Asset: voxels/naturalBlocks.def from mod [ModFolder: C:\Users\Gobrosse\git\chunkstories-amd-driver-crash\res]], created [Voxel name:dead_grass]
2018-12-10 21:16:19,401 DEBUG [content.voxels] [Main thread] [VoxelsStore.kt:64] Loaded VoxelDefinition(wood, [material, textures, textures.top, textures.bottom]) from [Asset: voxels/naturalBlocks.def from mod [ModFolder: C:\Users\Gobrosse\git\chunkstories-amd-driver-crash\res]], created [Voxel name:wood]
2018-12-10 21:16:19,402 DEBUG [content.voxels] [Main thread] [VoxelsStore.kt:64] Loaded VoxelDefinition(pinewood, [material, textures, textures.top, textures.bottom]) from [Asset: voxels/naturalBlocks.def from mod [ModFolder: C:\Users\Gobrosse\git\chunkstories-amd-driver-crash\res]], created [Voxel name:pinewood]
2018-12-10 21:16:19,402 DEBUG [content.voxels] [Main thread] [VoxelsStore.kt:64] Loaded VoxelDefinition(birchwood, [material, textures, textures.top, textures.bottom]) from [Asset: voxels/naturalBlocks.def from mod [ModFolder: C:\Users\Gobrosse\git\chunkstories-amd-driver-crash\res]], created [Voxel name:birchwood]
2018-12-10 21:16:19,403 DEBUG [content.voxels] [Main thread] [VoxelsStore.kt:64] Loaded VoxelDefinition(leaves, [class, opaque, selfOpaque, shadingLightLevel, hardness, affectedByWind, materialFlags]) from [Asset: voxels/naturalBlocks.def from mod [ModFolder: C:\Users\Gobrosse\git\chunkstories-amd-driver-crash\res]], created [Voxel name:leaves]
2018-12-10 21:16:19,404 DEBUG [content.voxels] [Main thread] [VoxelsStore.kt:64] Loaded VoxelDefinition(pineleaves, [class, opaque, selfOpaque, shadingLightLevel, hardness, affectedByWind, materialFlags]) from [Asset: voxels/naturalBlocks.def from mod [ModFolder: C:\Users\Gobrosse\git\chunkstories-amd-driver-crash\res]], created [Voxel name:pineleaves]
2018-12-10 21:16:19,405 DEBUG [content.voxels] [Main thread] [VoxelsStore.kt:64] Loaded VoxelDefinition(birchleaves, [class, opaque, selfOpaque, shadingLightLevel, hardness, affectedByWind, materialFlags]) from [Asset: voxels/naturalBlocks.def from mod [ModFolder: C:\Users\Gobrosse\git\chunkstories-amd-driver-crash\res]], created [Voxel name:birchleaves]
2018-12-10 21:16:19,406 DEBUG [content.voxels] [Main thread] [VoxelsStore.kt:64] Loaded VoxelDefinition(vine, [class, opaque, solid, hardness, materialFlags]) from [Asset: voxels/naturalBlocks.def from mod [ModFolder: C:\Users\Gobrosse\git\chunkstories-amd-driver-crash\res]], created [Voxel name:vine]
2018-12-10 21:16:19,407 DEBUG [content.voxels] [Main thread] [VoxelsStore.kt:64] Loaded VoxelDefinition(cactus, [hardness, textures, textures.sides, textures.top]) from [Asset: voxels/naturalBlocks.def from mod [ModFolder: C:\Users\Gobrosse\git\chunkstories-amd-driver-crash\res]], created [Voxel name:cactus]
2018-12-10 21:16:19,408 DEBUG [content.voxels] [Main thread] [VoxelsStore.kt:64] Loaded VoxelDefinition(web, [solid, opaque, representation, representation.model]) from [Asset: voxels/naturalBlocks.def from mod [ModFolder: C:\Users\Gobrosse\git\chunkstories-amd-driver-crash\res]], created [Voxel name:web]
2018-12-10 21:16:19,409 DEBUG [content.voxels] [Main thread] [VoxelsStore.kt:64] Loaded VoxelDefinition(flower_red, [solid, opaque, representation, representation.model]) from [Asset: voxels/naturalBlocks.def from mod [ModFolder: C:\Users\Gobrosse\git\chunkstories-amd-driver-crash\res]], created [Voxel name:flower_red]
2018-12-10 21:16:19,410 DEBUG [content.voxels] [Main thread] [VoxelsStore.kt:64] Loaded VoxelDefinition(flower_yellow, [solid, opaque, representation, representation.model]) from [Asset: voxels/naturalBlocks.def from mod [ModFolder: C:\Users\Gobrosse\git\chunkstories-amd-driver-crash\res]], created [Voxel name:flower_yellow]
2018-12-10 21:16:19,411 DEBUG [content.voxels] [Main thread] [VoxelsStore.kt:64] Loaded VoxelDefinition(flower_orange, [solid, opaque, representation, representation.model]) from [Asset: voxels/naturalBlocks.def from mod [ModFolder: C:\Users\Gobrosse\git\chunkstories-amd-driver-crash\res]], created [Voxel name:flower_orange]
2018-12-10 21:16:19,412 DEBUG [content.voxels] [Main thread] [VoxelsStore.kt:64] Loaded VoxelDefinition(flower_blue, [solid, opaque, representation, representation.model]) from [Asset: voxels/naturalBlocks.def from mod [ModFolder: C:\Users\Gobrosse\git\chunkstories-amd-driver-crash\res]], created [Voxel name:flower_blue]
2018-12-10 21:16:19,412 DEBUG [content.voxels] [Main thread] [VoxelsStore.kt:64] Loaded VoxelDefinition(flower_purple, [solid, opaque, representation, representation.model]) from [Asset: voxels/naturalBlocks.def from mod [ModFolder: C:\Users\Gobrosse\git\chunkstories-amd-driver-crash\res]], created [Voxel name:flower_purple]
2018-12-10 21:16:19,414 DEBUG [content.voxels] [Main thread] [VoxelsStore.kt:64] Loaded VoxelDefinition(flower_white, [solid, opaque, representation, representation.model]) from [Asset: voxels/naturalBlocks.def from mod [ModFolder: C:\Users\Gobrosse\git\chunkstories-amd-driver-crash\res]], created [Voxel name:flower_white]
2018-12-10 21:16:19,415 DEBUG [content.voxels] [Main thread] [VoxelsStore.kt:64] Loaded VoxelDefinition(mushroom_red, [solid, opaque, representation, representation.model]) from [Asset: voxels/naturalBlocks.def from mod [ModFolder: C:\Users\Gobrosse\git\chunkstories-amd-driver-crash\res]], created [Voxel name:mushroom_red]
2018-12-10 21:16:19,415 DEBUG [content.voxels] [Main thread] [VoxelsStore.kt:64] Loaded VoxelDefinition(mushroom_brown, [solid, opaque, representation, representation.model]) from [Asset: voxels/naturalBlocks.def from mod [ModFolder: C:\Users\Gobrosse\git\chunkstories-amd-driver-crash\res]], created [Voxel name:mushroom_brown]
2018-12-10 21:16:19,417 DEBUG [content.voxels] [Main thread] [VoxelsStore.kt:64] Loaded VoxelDefinition(bamboo, [texture, solid, opaque, representation, representation.model]) from [Asset: voxels/naturalBlocks.def from mod [ModFolder: C:\Users\Gobrosse\git\chunkstories-amd-driver-crash\res]], created [Voxel name:bamboo]
2018-12-10 21:16:19,418 DEBUG [content.voxels] [Main thread] [VoxelsStore.kt:67] Parsed file [Asset: voxels/naturalBlocks.def from mod [ModFolder: C:\Users\Gobrosse\git\chunkstories-amd-driver-crash\res]] correctly, loading 0 voxels.
2018-12-10 21:16:19,418 DEBUG [content.voxels] [Main thread] [VoxelsStore.kt:52] Reading voxels definitions in : [Asset: voxels/mineralBlocks.def from mod [ModFolder: C:\Users\Gobrosse\git\chunkstories-amd-driver-crash\res]]
2018-12-10 21:16:19,420 DEBUG [content.voxels] [Main thread] [VoxelsStore.kt:64] Loaded VoxelDefinition(stone, []) from [Asset: voxels/mineralBlocks.def from mod [ModFolder: C:\Users\Gobrosse\git\chunkstories-amd-driver-crash\res]], created [Voxel name:stone]
2018-12-10 21:16:19,421 DEBUG [content.voxels] [Main thread] [VoxelsStore.kt:64] Loaded VoxelDefinition(gravel, []) from [Asset: voxels/mineralBlocks.def from mod [ModFolder: C:\Users\Gobrosse\git\chunkstories-amd-driver-crash\res]], created [Voxel name:gravel]
2018-12-10 21:16:19,421 DEBUG [content.voxels] [Main thread] [VoxelsStore.kt:64] Loaded VoxelDefinition(dirt, []) from [Asset: voxels/mineralBlocks.def from mod [ModFolder: C:\Users\Gobrosse\git\chunkstories-amd-driver-crash\res]], created [Voxel name:dirt]
2018-12-10 21:16:19,422 DEBUG [content.voxels] [Main thread] [VoxelsStore.kt:64] Loaded VoxelDefinition(sand, []) from [Asset: voxels/mineralBlocks.def from mod [ModFolder: C:\Users\Gobrosse\git\chunkstories-amd-driver-crash\res]], created [Voxel name:sand]
2018-12-10 21:16:19,423 DEBUG [content.voxels] [Main thread] [VoxelsStore.kt:64] Loaded VoxelDefinition(hard_sand, []) from [Asset: voxels/mineralBlocks.def from mod [ModFolder: C:\Users\Gobrosse\git\chunkstories-amd-driver-crash\res]], created [Voxel name:hard_sand]
2018-12-10 21:16:19,424 DEBUG [content.voxels] [Main thread] [VoxelsStore.kt:64] Loaded VoxelDefinition(cobble, [material]) from [Asset: voxels/mineralBlocks.def from mod [ModFolder: C:\Users\Gobrosse\git\chunkstories-amd-driver-crash\res]], created [Voxel name:cobble]
2018-12-10 21:16:19,424 DEBUG [content.voxels] [Main thread] [VoxelsStore.kt:64] Loaded VoxelDefinition(cobble_mossy, [material]) from [Asset: voxels/mineralBlocks.def from mod [ModFolder: C:\Users\Gobrosse\git\chunkstories-amd-driver-crash\res]], created [Voxel name:cobble_mossy]
2018-12-10 21:16:19,425 DEBUG [content.voxels] [Main thread] [VoxelsStore.kt:64] Loaded VoxelDefinition(rock, [material]) from [Asset: voxels/mineralBlocks.def from mod [ModFolder: C:\Users\Gobrosse\git\chunkstories-amd-driver-crash\res]], created [Voxel name:rock]
2018-12-10 21:16:19,426 DEBUG [content.voxels] [Main thread] [VoxelsStore.kt:64] Loaded VoxelDefinition(hard_rock, [material]) from [Asset: voxels/mineralBlocks.def from mod [ModFolder: C:\Users\Gobrosse\git\chunkstories-amd-driver-crash\res]], created [Voxel name:hard_rock]
2018-12-10 21:16:19,426 DEBUG [content.voxels] [Main thread] [VoxelsStore.kt:64] Loaded VoxelDefinition(andesite, [material]) from [Asset: voxels/mineralBlocks.def from mod [ModFolder: C:\Users\Gobrosse\git\chunkstories-amd-driver-crash\res]], created [Voxel name:andesite]
2018-12-10 21:16:19,427 DEBUG [content.voxels] [Main thread] [VoxelsStore.kt:64] Loaded VoxelDefinition(granite, [material]) from [Asset: voxels/mineralBlocks.def from mod [ModFolder: C:\Users\Gobrosse\git\chunkstories-amd-driver-crash\res]], created [Voxel name:granite]
2018-12-10 21:16:19,427 DEBUG [content.voxels] [Main thread] [VoxelsStore.kt:64] Loaded VoxelDefinition(andesite, [material]) from [Asset: voxels/mineralBlocks.def from mod [ModFolder: C:\Users\Gobrosse\git\chunkstories-amd-driver-crash\res]], created [Voxel name:andesite]
2018-12-10 21:16:19,428 DEBUG [content.voxels] [Main thread] [VoxelsStore.kt:64] Loaded VoxelDefinition(snowblock, [material, texture]) from [Asset: voxels/mineralBlocks.def from mod [ModFolder: C:\Users\Gobrosse\git\chunkstories-amd-driver-crash\res]], created [Voxel name:snowblock]
2018-12-10 21:16:19,429 DEBUG [content.voxels] [Main thread] [VoxelsStore.kt:64] Loaded VoxelDefinition(snow, [class, opaque, selfOpaque, material]) from [Asset: voxels/mineralBlocks.def from mod [ModFolder: C:\Users\Gobrosse\git\chunkstories-amd-driver-crash\res]], created [Voxel name:snow]
2018-12-10 21:16:19,430 DEBUG [content.voxels] [Main thread] [VoxelsStore.kt:64] Loaded VoxelDefinition(ice, []) from [Asset: voxels/mineralBlocks.def from mod [ModFolder: C:\Users\Gobrosse\git\chunkstories-amd-driver-crash\res]], created [Voxel name:ice]
2018-12-10 21:16:19,431 DEBUG [content.voxels] [Main thread] [VoxelsStore.kt:64] Loaded VoxelDefinition(coal_ore, [texture, material]) from [Asset: voxels/mineralBlocks.def from mod [ModFolder: C:\Users\Gobrosse\git\chunkstories-amd-driver-crash\res]], created [Voxel name:coal_ore]
2018-12-10 21:16:19,431 DEBUG [content.voxels] [Main thread] [VoxelsStore.kt:64] Loaded VoxelDefinition(copper_ore, [texture, material]) from [Asset: voxels/mineralBlocks.def from mod [ModFolder: C:\Users\Gobrosse\git\chunkstories-amd-driver-crash\res]], created [Voxel name:copper_ore]
2018-12-10 21:16:19,432 DEBUG [content.voxels] [Main thread] [VoxelsStore.kt:64] Loaded VoxelDefinition(diamond_ore, [texture, material]) from [Asset: voxels/mineralBlocks.def from mod [ModFolder: C:\Users\Gobrosse\git\chunkstories-amd-driver-crash\res]], created [Voxel name:diamond_ore]
2018-12-10 21:16:19,432 DEBUG [content.voxels] [Main thread] [VoxelsStore.kt:64] Loaded VoxelDefinition(gold_ore, [texture, material]) from [Asset: voxels/mineralBlocks.def from mod [ModFolder: C:\Users\Gobrosse\git\chunkstories-amd-driver-crash\res]], created [Voxel name:gold_ore]
2018-12-10 21:16:19,433 DEBUG [content.voxels] [Main thread] [VoxelsStore.kt:64] Loaded VoxelDefinition(silver_ore, [texture, material]) from [Asset: voxels/mineralBlocks.def from mod [ModFolder: C:\Users\Gobrosse\git\chunkstories-amd-driver-crash\res]], created [Voxel name:silver_ore]
2018-12-10 21:16:19,433 DEBUG [content.voxels] [Main thread] [VoxelsStore.kt:64] Loaded VoxelDefinition(iron_ore, [texture, material]) from [Asset: voxels/mineralBlocks.def from mod [ModFolder: C:\Users\Gobrosse\git\chunkstories-amd-driver-crash\res]], created [Voxel name:iron_ore]
2018-12-10 21:16:19,434 DEBUG [content.voxels] [Main thread] [VoxelsStore.kt:67] Parsed file [Asset: voxels/mineralBlocks.def from mod [ModFolder: C:\Users\Gobrosse\git\chunkstories-amd-driver-crash\res]] correctly, loading 0 voxels.
2018-12-10 21:16:19,434 DEBUG [content.voxels] [Main thread] [VoxelsStore.kt:52] Reading voxels definitions in : [Asset: voxels/woodenBlocks.def from mod [ModFolder: C:\Users\Gobrosse\git\chunkstories-amd-driver-crash\res]]
2018-12-10 21:16:19,437 DEBUG [content.voxels] [Main thread] [VoxelsStore.kt:64] Loaded VoxelDefinition(planks, [material]) from [Asset: voxels/woodenBlocks.def from mod [ModFolder: C:\Users\Gobrosse\git\chunkstories-amd-driver-crash\res]], created [Voxel name:planks]
2018-12-10 21:16:19,438 DEBUG [content.voxels] [Main thread] [VoxelsStore.kt:64] Loaded VoxelDefinition(goldplanks, [material]) from [Asset: voxels/woodenBlocks.def from mod [ModFolder: C:\Users\Gobrosse\git\chunkstories-amd-driver-crash\res]], created [Voxel name:goldplanks]
2018-12-10 21:16:19,438 DEBUG [content.voxels] [Main thread] [VoxelsStore.kt:64] Loaded VoxelDefinition(whiteplanks, [material]) from [Asset: voxels/woodenBlocks.def from mod [ModFolder: C:\Users\Gobrosse\git\chunkstories-amd-driver-crash\res]], created [Voxel name:whiteplanks]
2018-12-10 21:16:19,439 DEBUG [content.voxels] [Main thread] [VoxelsStore.kt:64] Loaded VoxelDefinition(darkplanks, [material]) from [Asset: voxels/woodenBlocks.def from mod [ModFolder: C:\Users\Gobrosse\git\chunkstories-amd-driver-crash\res]], created [Voxel name:darkplanks]
2018-12-10 21:16:19,440 DEBUG [content.voxels] [Main thread] [VoxelsStore.kt:64] Loaded VoxelDefinition(planks_stairs, [class, opaque, material, texture]) from [Asset: voxels/woodenBlocks.def from mod [ModFolder: C:\Users\Gobrosse\git\chunkstories-amd-driver-crash\res]], created [Voxel name:planks_stairs]
2018-12-10 21:16:19,441 DEBUG [content.voxels] [Main thread] [VoxelsStore.kt:64] Loaded VoxelDefinition(goldplanks_stairs, [class, opaque, material, texture]) from [Asset: voxels/woodenBlocks.def from mod [ModFolder: C:\Users\Gobrosse\git\chunkstories-amd-driver-crash\res]], created [Voxel name:goldplanks_stairs]
2018-12-10 21:16:19,442 DEBUG [content.voxels] [Main thread] [VoxelsStore.kt:64] Loaded VoxelDefinition(whiteplanks_stairs, [class, opaque, material, texture]) from [Asset: voxels/woodenBlocks.def from mod [ModFolder: C:\Users\Gobrosse\git\chunkstories-amd-driver-crash\res]], created [Voxel name:whiteplanks_stairs]
2018-12-10 21:16:19,442 DEBUG [content.voxels] [Main thread] [VoxelsStore.kt:64] Loaded VoxelDefinition(darkplanks_stairs, [class, opaque, material, texture]) from [Asset: voxels/woodenBlocks.def from mod [ModFolder: C:\Users\Gobrosse\git\chunkstories-amd-driver-crash\res]], created [Voxel name:darkplanks_stairs]
2018-12-10 21:16:19,443 DEBUG [content.voxels] [Main thread] [VoxelsStore.kt:64] Loaded VoxelDefinition(wood_fence, [opaque, selfOpaque, texture, material]) from [Asset: voxels/woodenBlocks.def from mod [ModFolder: C:\Users\Gobrosse\git\chunkstories-amd-driver-crash\res]], created [Voxel name:wood_fence]
2018-12-10 21:16:19,443 DEBUG [content.voxels] [Main thread] [VoxelsStore.kt:64] Loaded VoxelDefinition(planks_slab, [class, opaque, material, texture]) from [Asset: voxels/woodenBlocks.def from mod [ModFolder: C:\Users\Gobrosse\git\chunkstories-amd-driver-crash\res]], created [Voxel name:planks_slab]
2018-12-10 21:16:19,444 DEBUG [content.voxels] [Main thread] [VoxelsStore.kt:64] Loaded VoxelDefinition(goldplanks_slab, [class, opaque, material, texture]) from [Asset: voxels/woodenBlocks.def from mod [ModFolder: C:\Users\Gobrosse\git\chunkstories-amd-driver-crash\res]], created [Voxel name:goldplanks_slab]
2018-12-10 21:16:19,444 DEBUG [content.voxels] [Main thread] [VoxelsStore.kt:64] Loaded VoxelDefinition(whiteplanks_slab, [class, opaque, material, texture]) from [Asset: voxels/woodenBlocks.def from mod [ModFolder: C:\Users\Gobrosse\git\chunkstories-amd-driver-crash\res]], created [Voxel name:whiteplanks_slab]
2018-12-10 21:16:19,445 DEBUG [content.voxels] [Main thread] [VoxelsStore.kt:64] Loaded VoxelDefinition(darkplanks_slab, [class, opaque, material, texture]) from [Asset: voxels/woodenBlocks.def from mod [ModFolder: C:\Users\Gobrosse\git\chunkstories-amd-driver-crash\res]], created [Voxel name:darkplanks_slab]
2018-12-10 21:16:19,446 DEBUG [content.voxels] [Main thread] [VoxelsStore.kt:64] Loaded VoxelDefinition(wood_fence, [opaque, selfOpaque, texture, material]) from [Asset: voxels/woodenBlocks.def from mod [ModFolder: C:\Users\Gobrosse\git\chunkstories-amd-driver-crash\res]], created [Voxel name:wood_fence]
2018-12-10 21:16:19,446 DEBUG [content.voxels] [Main thread] [VoxelsStore.kt:64] Loaded VoxelDefinition(ladder, [class, material, opaque]) from [Asset: voxels/woodenBlocks.def from mod [ModFolder: C:\Users\Gobrosse\git\chunkstories-amd-driver-crash\res]], created [Voxel name:ladder]
2018-12-10 21:16:19,447 DEBUG [content.voxels] [Main thread] [VoxelsStore.kt:64] Loaded VoxelDefinition(wood_chest, [class, opaque, selfOpaque, material, textures, textures.top, textures.bottom, textures.sides, textures.front]) from [Asset: voxels/woodenBlocks.def from mod [ModFolder: C:\Users\Gobrosse\git\chunkstories-amd-driver-crash\res]], created [Voxel name:wood_chest]
2018-12-10 21:16:19,448 DEBUG [content.voxels] [Main thread] [VoxelsStore.kt:64] Loaded VoxelDefinition(wood_sign, [class, material, solid, opaque]) from [Asset: voxels/woodenBlocks.def from mod [ModFolder: C:\Users\Gobrosse\git\chunkstories-amd-driver-crash\res]], created [Voxel name:wood_sign]
2018-12-10 21:16:19,449 DEBUG [content.voxels] [Main thread] [VoxelsStore.kt:64] Loaded VoxelDefinition(wood_sign_post, [class, material, solid, opaque]) from [Asset: voxels/woodenBlocks.def from mod [ModFolder: C:\Users\Gobrosse\git\chunkstories-amd-driver-crash\res]], created [Voxel name:wood_sign_post]
2018-12-10 21:16:19,450 DEBUG [content.voxels] [Main thread] [VoxelsStore.kt:64] Loaded VoxelDefinition(wood_door, [class, opaque, material]) from [Asset: voxels/woodenBlocks.def from mod [ModFolder: C:\Users\Gobrosse\git\chunkstories-amd-driver-crash\res]], created [Voxel name:wood_door]
2018-12-10 21:16:19,451 DEBUG [content.voxels] [Main thread] [VoxelsStore.kt:64] Loaded VoxelDefinition(wood_door_top, [class, opaque, material]) from [Asset: voxels/woodenBlocks.def from mod [ModFolder: C:\Users\Gobrosse\git\chunkstories-amd-driver-crash\res]], created [Voxel name:wood_door_top]
2018-12-10 21:16:19,452 DEBUG [content.voxels] [Main thread] [VoxelsStore.kt:67] Parsed file [Asset: voxels/woodenBlocks.def from mod [ModFolder: C:\Users\Gobrosse\git\chunkstories-amd-driver-crash\res]] correctly, loading 0 voxels.
2018-12-10 21:16:19,452 DEBUG [content.voxels] [Main thread] [VoxelsStore.kt:52] Reading voxels definitions in : [Asset: voxels/weirdBlocks.def from mod [ModFolder: C:\Users\Gobrosse\git\chunkstories-amd-driver-crash\res]]
2018-12-10 21:16:19,453 DEBUG [content.voxels] [Main thread] [VoxelsStore.kt:64] Loaded VoxelDefinition(glowing, [emittedLightLevel]) from [Asset: voxels/weirdBlocks.def from mod [ModFolder: C:\Users\Gobrosse\git\chunkstories-amd-driver-crash\res]], created [Voxel name:glowing]
2018-12-10 21:16:19,454 DEBUG [content.voxels] [Main thread] [VoxelsStore.kt:64] Loaded VoxelDefinition(glowoff, [emittedLightLevel]) from [Asset: voxels/weirdBlocks.def from mod [ModFolder: C:\Users\Gobrosse\git\chunkstories-amd-driver-crash\res]], created [Voxel name:glowoff]
2018-12-10 21:16:19,454 DEBUG [content.voxels] [Main thread] [VoxelsStore.kt:64] Loaded VoxelDefinition(hellearth, [material]) from [Asset: voxels/weirdBlocks.def from mod [ModFolder: C:\Users\Gobrosse\git\chunkstories-amd-driver-crash\res]], created [Voxel name:hellearth]
2018-12-10 21:16:19,455 DEBUG [content.voxels] [Main thread] [VoxelsStore.kt:67] Parsed file [Asset: voxels/weirdBlocks.def from mod [ModFolder: C:\Users\Gobrosse\git\chunkstories-amd-driver-crash\res]] correctly, loading 0 voxels.
2018-12-10 21:16:19,455 DEBUG [content.voxels] [Main thread] [VoxelsStore.kt:52] Reading voxels definitions in : [Asset: voxels/manmadeBlocks.def from mod [ModFolder: C:\Users\Gobrosse\git\chunkstories-amd-driver-crash\res]]
2018-12-10 21:16:19,459 DEBUG [content.voxels] [Main thread] [VoxelsStore.kt:64] Loaded VoxelDefinition(torch, [solid, opaque, emittedLightLevel, hardness, collisionBox, representation, representation.model]) from [Asset: voxels/manmadeBlocks.def from mod [ModFolder: C:\Users\Gobrosse\git\chunkstories-amd-driver-crash\res]], created [Voxel name:torch]
2018-12-10 21:16:19,459 DEBUG [content.voxels] [Main thread] [VoxelsStore.kt:64] Loaded VoxelDefinition(bricks, [material, hardness]) from [Asset: voxels/manmadeBlocks.def from mod [ModFolder: C:\Users\Gobrosse\git\chunkstories-amd-driver-crash\res]], created [Voxel name:bricks]
2018-12-10 21:16:19,460 DEBUG [content.voxels] [Main thread] [VoxelsStore.kt:64] Loaded VoxelDefinition(brick_stairs, [class, opaque, material, texture]) from [Asset: voxels/manmadeBlocks.def from mod [ModFolder: C:\Users\Gobrosse\git\chunkstories-amd-driver-crash\res]], created [Voxel name:brick_stairs]
2018-12-10 21:16:19,461 DEBUG [content.voxels] [Main thread] [VoxelsStore.kt:64] Loaded VoxelDefinition(bricks_slab, [class, opaque, material, texture]) from [Asset: voxels/manmadeBlocks.def from mod [ModFolder: C:\Users\Gobrosse\git\chunkstories-amd-driver-crash\res]], created [Voxel name:bricks_slab]
2018-12-10 21:16:19,462 DEBUG [content.voxels] [Main thread] [VoxelsStore.kt:64] Loaded VoxelDefinition(cobble_stairs, [class, opaque, material, texture]) from [Asset: voxels/manmadeBlocks.def from mod [ModFolder: C:\Users\Gobrosse\git\chunkstories-amd-driver-crash\res]], created [Voxel name:cobble_stairs]
2018-12-10 21:16:19,463 DEBUG [content.voxels] [Main thread] [VoxelsStore.kt:64] Loaded VoxelDefinition(cobble_slab, [class, opaque, material, texture]) from [Asset: voxels/manmadeBlocks.def from mod [ModFolder: C:\Users\Gobrosse\git\chunkstories-amd-driver-crash\res]], created [Voxel name:cobble_slab]
2018-12-10 21:16:19,464 DEBUG [content.voxels] [Main thread] [VoxelsStore.kt:64] Loaded VoxelDefinition(ardoise, []) from [Asset: voxels/manmadeBlocks.def from mod [ModFolder: C:\Users\Gobrosse\git\chunkstories-amd-driver-crash\res]], created [Voxel name:ardoise]
2018-12-10 21:16:19,464 DEBUG [content.voxels] [Main thread] [VoxelsStore.kt:64] Loaded VoxelDefinition(ardoise_stairs, [class, opaque, material, texture]) from [Asset: voxels/manmadeBlocks.def from mod [ModFolder: C:\Users\Gobrosse\git\chunkstories-amd-driver-crash\res]], created [Voxel name:ardoise_stairs]
2018-12-10 21:16:19,465 DEBUG [content.voxels] [Main thread] [VoxelsStore.kt:64] Loaded VoxelDefinition(ardoise_slab, [class, opaque, material, texture]) from [Asset: voxels/manmadeBlocks.def from mod [ModFolder: C:\Users\Gobrosse\git\chunkstories-amd-driver-crash\res]], created [Voxel name:ardoise_slab]
2018-12-10 21:16:19,466 DEBUG [content.voxels] [Main thread] [VoxelsStore.kt:64] Loaded VoxelDefinition(hardsand_stairs, [class, opaque, material, texture]) from [Asset: voxels/manmadeBlocks.def from mod [ModFolder: C:\Users\Gobrosse\git\chunkstories-amd-driver-crash\res]], created [Voxel name:hardsand_stairs]
2018-12-10 21:16:19,467 DEBUG [content.voxels] [Main thread] [VoxelsStore.kt:64] Loaded VoxelDefinition(hardsand_slab, [class, opaque, material, texture]) from [Asset: voxels/manmadeBlocks.def from mod [ModFolder: C:\Users\Gobrosse\git\chunkstories-amd-driver-crash\res]], created [Voxel name:hardsand_slab]
2018-12-10 21:16:19,468 DEBUG [content.voxels] [Main thread] [VoxelsStore.kt:64] Loaded VoxelDefinition(redbricks, []) from [Asset: voxels/manmadeBlocks.def from mod [ModFolder: C:\Users\Gobrosse\git\chunkstories-amd-driver-crash\res]], created [Voxel name:redbricks]
2018-12-10 21:16:19,468 DEBUG [content.voxels] [Main thread] [VoxelsStore.kt:64] Loaded VoxelDefinition(glass, [opaque, selfOpaque, hardness, hardnessForAxe]) from [Asset: voxels/manmadeBlocks.def from mod [ModFolder: C:\Users\Gobrosse\git\chunkstories-amd-driver-crash\res]], created [Voxel name:glass]
2018-12-10 21:16:19,470 DEBUG [content.voxels] [Main thread] [VoxelsStore.kt:64] Loaded VoxelDefinition(glass_pane, [class, opaque, selfOpaque, texture, material, hardness]) from [Asset: voxels/manmadeBlocks.def from mod [ModFolder: C:\Users\Gobrosse\git\chunkstories-amd-driver-crash\res]], created [Voxel name:glass_pane]
2018-12-10 21:16:19,470 DEBUG [content.voxels] [Main thread] [VoxelsStore.kt:64] Loaded VoxelDefinition(smoothstone, [material]) from [Asset: voxels/manmadeBlocks.def from mod [ModFolder: C:\Users\Gobrosse\git\chunkstories-amd-driver-crash\res]], created [Voxel name:smoothstone]
2018-12-10 21:16:19,471 DEBUG [content.voxels] [Main thread] [VoxelsStore.kt:64] Loaded VoxelDefinition(stonebrick, []) from [Asset: voxels/manmadeBlocks.def from mod [ModFolder: C:\Users\Gobrosse\git\chunkstories-amd-driver-crash\res]], created [Voxel name:stonebrick]
2018-12-10 21:16:19,471 DEBUG [content.voxels] [Main thread] [VoxelsStore.kt:64] Loaded VoxelDefinition(stonebrick_cracked, []) from [Asset: voxels/manmadeBlocks.def from mod [ModFolder: C:\Users\Gobrosse\git\chunkstories-amd-driver-crash\res]], created [Voxel name:stonebrick_cracked]
2018-12-10 21:16:19,472 DEBUG [content.voxels] [Main thread] [VoxelsStore.kt:64] Loaded VoxelDefinition(stonebrick_mossy, []) from [Asset: voxels/manmadeBlocks.def from mod [ModFolder: C:\Users\Gobrosse\git\chunkstories-amd-driver-crash\res]], created [Voxel name:stonebrick_mossy]
2018-12-10 21:16:19,473 DEBUG [content.voxels] [Main thread] [VoxelsStore.kt:64] Loaded VoxelDefinition(stonebrick_stairs, [class, opaque, material, texture]) from [Asset: voxels/manmadeBlocks.def from mod [ModFolder: C:\Users\Gobrosse\git\chunkstories-amd-driver-crash\res]], created [Voxel name:stonebrick_stairs]
2018-12-10 21:16:19,474 DEBUG [content.voxels] [Main thread] [VoxelsStore.kt:64] Loaded VoxelDefinition(stonebrick_slab, [class, opaque, material, texture]) from [Asset: voxels/manmadeBlocks.def from mod [ModFolder: C:\Users\Gobrosse\git\chunkstories-amd-driver-crash\res]], created [Voxel name:stonebrick_slab]
2018-12-10 21:16:19,475 DEBUG [content.voxels] [Main thread] [VoxelsStore.kt:64] Loaded VoxelDefinition(fancy_andesite, [material]) from [Asset: voxels/manmadeBlocks.def from mod [ModFolder: C:\Users\Gobrosse\git\chunkstories-amd-driver-crash\res]], created [Voxel name:fancy_andesite]
2018-12-10 21:16:19,475 DEBUG [content.voxels] [Main thread] [VoxelsStore.kt:64] Loaded VoxelDefinition(fancy_granite, [material]) from [Asset: voxels/manmadeBlocks.def from mod [ModFolder: C:\Users\Gobrosse\git\chunkstories-amd-driver-crash\res]], created [Voxel name:fancy_granite]
2018-12-10 21:16:19,476 DEBUG [content.voxels] [Main thread] [VoxelsStore.kt:64] Loaded VoxelDefinition(fancy_marble, [material]) from [Asset: voxels/manmadeBlocks.def from mod [ModFolder: C:\Users\Gobrosse\git\chunkstories-amd-driver-crash\res]], created [Voxel name:fancy_marble]
2018-12-10 21:16:19,476 DEBUG [content.voxels] [Main thread] [VoxelsStore.kt:64] Loaded VoxelDefinition(fullslab, [material, textures, textures.sides, textures.top, textures.bottom]) from [Asset: voxels/manmadeBlocks.def from mod [ModFolder: C:\Users\Gobrosse\git\chunkstories-amd-driver-crash\res]], created [Voxel name:fullslab]
2018-12-10 21:16:19,477 DEBUG [content.voxels] [Main thread] [VoxelsStore.kt:64] Loaded VoxelDefinition(slab, [class, opaque, material, texture]) from [Asset: voxels/manmadeBlocks.def from mod [ModFolder: C:\Users\Gobrosse\git\chunkstories-amd-driver-crash\res]], created [Voxel name:slab]
2018-12-10 21:16:19,478 DEBUG [content.voxels] [Main thread] [VoxelsStore.kt:64] Loaded VoxelDefinition(iron_block, []) from [Asset: voxels/manmadeBlocks.def from mod [ModFolder: C:\Users\Gobrosse\git\chunkstories-amd-driver-crash\res]], created [Voxel name:iron_block]
2018-12-10 21:16:19,478 DEBUG [content.voxels] [Main thread] [VoxelsStore.kt:64] Loaded VoxelDefinition(gold_block, []) from [Asset: voxels/manmadeBlocks.def from mod [ModFolder: C:\Users\Gobrosse\git\chunkstories-amd-driver-crash\res]], created [Voxel name:gold_block]
2018-12-10 21:16:19,479 DEBUG [content.voxels] [Main thread] [VoxelsStore.kt:64] Loaded VoxelDefinition(ironGrill, [class, opaque, selfOpaque, material]) from [Asset: voxels/manmadeBlocks.def from mod [ModFolder: C:\Users\Gobrosse\git\chunkstories-amd-driver-crash\res]], created [Voxel name:ironGrill]
2018-12-10 21:16:19,480 DEBUG [content.voxels] [Main thread] [VoxelsStore.kt:64] Loaded VoxelDefinition(rails, [class, solid, opaque, representation, representation.model]) from [Asset: voxels/manmadeBlocks.def from mod [ModFolder: C:\Users\Gobrosse\git\chunkstories-amd-driver-crash\res]], created [Voxel name:rails]
2018-12-10 21:16:19,481 DEBUG [content.voxels] [Main thread] [VoxelsStore.kt:64] Loaded VoxelDefinition(iron_door, [class, opaque, material]) from [Asset: voxels/manmadeBlocks.def from mod [ModFolder: C:\Users\Gobrosse\git\chunkstories-amd-driver-crash\res]], created [Voxel name:iron_door]
2018-12-10 21:16:19,481 DEBUG [content.voxels] [Main thread] [VoxelsStore.kt:64] Loaded VoxelDefinition(iron_door_top, [class, opaque, material]) from [Asset: voxels/manmadeBlocks.def from mod [ModFolder: C:\Users\Gobrosse\git\chunkstories-amd-driver-crash\res]], created [Voxel name:iron_door_top]
2018-12-10 21:16:19,482 DEBUG [content.voxels] [Main thread] [VoxelsStore.kt:64] Loaded VoxelDefinition(whool, [class, variants]) from [Asset: voxels/manmadeBlocks.def from mod [ModFolder: C:\Users\Gobrosse\git\chunkstories-amd-driver-crash\res]], created [Voxel name:whool]
2018-12-10 21:16:19,483 DEBUG [content.voxels] [Main thread] [VoxelsStore.kt:64] Loaded VoxelDefinition(colored, [class, material, texture, variants]) from [Asset: voxels/manmadeBlocks.def from mod [ModFolder: C:\Users\Gobrosse\git\chunkstories-amd-driver-crash\res]], created [Voxel name:colored]
2018-12-10 21:16:19,484 DEBUG [content.voxels] [Main thread] [VoxelsStore.kt:64] Loaded VoxelDefinition(path, [opaque, selfOpaque, material, texture, collisionBox, representation, representation.model]) from [Asset: voxels/manmadeBlocks.def from mod [ModFolder: C:\Users\Gobrosse\git\chunkstories-amd-driver-crash\res]], created [Voxel name:path]
2018-12-10 21:16:19,484 DEBUG [content.voxels] [Main thread] [VoxelsStore.kt:64] Loaded VoxelDefinition(cobble_wall, [class, opaque, texture, material]) from [Asset: voxels/manmadeBlocks.def from mod [ModFolder: C:\Users\Gobrosse\git\chunkstories-amd-driver-crash\res]], created [Voxel name:cobble_wall]
2018-12-10 21:16:19,485 DEBUG [content.voxels] [Main thread] [VoxelsStore.kt:64] Loaded VoxelDefinition(soil, [opaque, selfOpaque, material, collisionBox, representation, representation.model]) from [Asset: voxels/manmadeBlocks.def from mod [ModFolder: C:\Users\Gobrosse\git\chunkstories-amd-driver-crash\res]], created [Voxel name:soil]
2018-12-10 21:16:19,486 DEBUG [content.voxels] [Main thread] [VoxelsStore.kt:64] Loaded VoxelDefinition(hay, [material, textures, textures.top, textures.sides]) from [Asset: voxels/manmadeBlocks.def from mod [ModFolder: C:\Users\Gobrosse\git\chunkstories-amd-driver-crash\res]], created [Voxel name:hay]
2018-12-10 21:16:19,486 DEBUG [content.voxels] [Main thread] [VoxelsStore.kt:67] Parsed file [Asset: voxels/manmadeBlocks.def from mod [ModFolder: C:\Users\Gobrosse\git\chunkstories-amd-driver-crash\res]] correctly, loading 0 voxels.
2018-12-10 21:16:19,487 DEBUG [content.voxels] [Main thread] [VoxelsStore.kt:52] Reading voxels definitions in : [Asset: voxels/liquids.def from mod [ModFolder: C:\Users\Gobrosse\git\chunkstories-amd-driver-crash\res]]
2018-12-10 21:16:19,488 DEBUG [content.voxels] [Main thread] [VoxelsStore.kt:64] Loaded VoxelDefinition(water, [class, solid, opaque, selfOpaque, shadingLightLevel]) from [Asset: voxels/liquids.def from mod [ModFolder: C:\Users\Gobrosse\git\chunkstories-amd-driver-crash\res]], created [Voxel name:water]
2018-12-10 21:16:19,488 DEBUG [content.voxels] [Main thread] [VoxelsStore.kt:64] Loaded VoxelDefinition(lava, [class, solid, opaque, selfOpaque, emittingLightLevel]) from [Asset: voxels/liquids.def from mod [ModFolder: C:\Users\Gobrosse\git\chunkstories-amd-driver-crash\res]], created [Voxel name:lava]
2018-12-10 21:16:19,489 DEBUG [content.voxels] [Main thread] [VoxelsStore.kt:67] Parsed file [Asset: voxels/liquids.def from mod [ModFolder: C:\Users\Gobrosse\git\chunkstories-amd-driver-crash\res]] correctly, loading 0 voxels.
2018-12-10 21:16:19,490 DEBUG [content.entities] [Main thread] [EntityDefinitionsStore.kt:41] Reading entities definitions in : [Asset: entities/coreEntities.def from mod [ModFolder: C:\Users\Gobrosse\git\chunkstories-amd-driver-crash\res]]
2018-12-10 21:16:19,499 DEBUG [content.entities] [Main thread] [EntityDefinitionsStore.kt:53] Loaded entity definition io.xol.chunkstories.api.entity.EntityDefinition@4102b1b1
2018-12-10 21:16:19,501 DEBUG [content.entities] [Main thread] [EntityDefinitionsStore.kt:53] Loaded entity definition io.xol.chunkstories.api.entity.EntityDefinition@6bd51ed8
2018-12-10 21:16:19,502 DEBUG [content.entities] [Main thread] [EntityDefinitionsStore.kt:53] Loaded entity definition io.xol.chunkstories.api.entity.EntityDefinition@eadb475
2018-12-10 21:16:19,503 DEBUG [content.packets] [Main thread] [PacketsStore.java:72] Reading packets definitions in : system.packets
2018-12-10 21:16:19,503 DEBUG [content.generators] [Main thread] [WorldGeneratorsStore.kt:40] Reading wrld generators definitions in : [Asset: generators/defaultGenerators.def from mod [ModFolder: C:\Users\Gobrosse\git\chunkstories-amd-driver-crash\res]]
2018-12-10 21:16:19,509 DEBUG [content.generators] [Main thread] [WorldGeneratorsStore.kt:51] Loaded io.xol.chunkstories.api.world.generator.WorldGeneratorDefinition@1c05a54d from [Asset: generators/defaultGenerators.def from mod [ModFolder: C:\Users\Gobrosse\git\chunkstories-amd-driver-crash\res]]
2018-12-10 21:16:19,510 DEBUG [content.generators] [Main thread] [WorldGeneratorsStore.kt:51] Loaded io.xol.chunkstories.api.world.generator.WorldGeneratorDefinition@65ef722a from [Asset: generators/defaultGenerators.def from mod [ModFolder: C:\Users\Gobrosse\git\chunkstories-amd-driver-crash\res]]
2018-12-10 21:16:19,511 DEBUG [content.generators] [Main thread] [WorldGeneratorsStore.kt:51] Loaded io.xol.chunkstories.api.world.generator.WorldGeneratorDefinition@5fd9b663 from [Asset: generators/defaultGenerators.def from mod [ModFolder: C:\Users\Gobrosse\git\chunkstories-amd-driver-crash\res]]
2018-12-10 21:16:19,511 DEBUG [content.generators] [Main thread] [WorldGeneratorsStore.kt:51] Loaded io.xol.chunkstories.api.world.generator.WorldGeneratorDefinition@214894fc from [Asset: generators/defaultGenerators.def from mod [ModFolder: C:\Users\Gobrosse\git\chunkstories-amd-driver-crash\res]]
2018-12-10 21:16:19,512 DEBUG [content.generators] [Main thread] [WorldGeneratorsStore.kt:51] Loaded io.xol.chunkstories.api.world.generator.WorldGeneratorDefinition@10567255 from [Asset: generators/defaultGenerators.def from mod [ModFolder: C:\Users\Gobrosse\git\chunkstories-amd-driver-crash\res]]
2018-12-10 21:16:19,513 INFO [content.localization] [Main thread] [LocalizationManagerImplementation.java:80] Loading translation from asset asset: [Asset: lang/en/lang.info from mod [ModFolder: C:\Users\Gobrosse\git\chunkstories-amd-driver-crash\res]]
2018-12-10 21:16:19,521 DEBUG [client.workers] [Main thread] [Lwjgl3KeyBindCompound.java:45] Initialized keyBindCompound reloadContent for 2 keys.
2018-12-10 21:16:19,521 DEBUG [client.workers] [Main thread] [Lwjgl3KeyBindCompound.java:45] Initialized keyBindCompound redrawChunks for 2 keys.
2018-12-10 21:16:19,522 DEBUG [client.workers] [Main thread] [Lwjgl3KeyBindCompound.java:45] Initialized keyBindCompound copy for 2 keys.
2018-12-10 21:16:19,522 DEBUG [client.workers] [Main thread] [Lwjgl3KeyBindCompound.java:45] Initialized keyBindCompound paste for 2 keys.
2018-12-10 21:16:19,522 DEBUG [client.workers] [Main thread] [Lwjgl3KeyBindCompound.java:45] Initialized keyBindCompound deleteLine for 2 keys.
2018-12-10 21:16:19,529 DEBUG [rendering.fonts] [Main thread] [TrueTypeFont.java:88] Loading font:[Asset: fonts/LiberationSans-Regular.ttf from mod [ModFolder: C:\Users\Gobrosse\git\chunkstories-amd-driver-crash\res]]fontSize: 12.0
2018-12-10 21:16:19,618 DEBUG [rendering.fonts] [Main thread] [TrueTypeFont.java:88] Loading font:[Asset: fonts/LiberationSans-Regular.ttf from mod [ModFolder: C:\Users\Gobrosse\git\chunkstories-amd-driver-crash\res]]fontSize: 12.0
2018-12-10 21:16:23,072 DEBUG [client.login] [Thread-12] [LoginPrompt.kt:128] Received login answer
2018-12-10 21:16:23,081 DEBUG [rendering.fonts] [Thread-12] [TrueTypeFont.java:88] Loading font:[Asset: fonts/LiberationSansNarrow-Bold.ttf from mod [ModFolder: C:\Users\Gobrosse\git\chunkstories-amd-driver-crash\res]]fontSize: 16.0
2018-12-10 21:16:23,101 DEBUG [rendering.fonts] [Thread-12] [TrueTypeFont.java:88] Loading font:[Asset: fonts/LiberationSansNarrow-Bold.ttf from mod [ModFolder: C:\Users\Gobrosse\git\chunkstories-amd-driver-crash\res]]fontSize: 18.666
2018-12-10 21:16:23,124 WARN [content.modsManager] [Main thread] [ModsManagerImplementation.kt:331] Requesting asset using the old deprecated ./ prefix !
2018-12-10 21:16:23,164 DEBUG [rendering.fonts] [Main thread] [TrueTypeFont.java:88] Loading font:[Asset: fonts/LiberationSansNarrow-Bold.ttf from mod [ModFolder: C:\Users\Gobrosse\git\chunkstories-amd-driver-crash\res]]fontSize: 16.2
2018-12-10 21:16:23,190 DEBUG [rendering.fonts] [Main thread] [TrueTypeFont.java:88] Loading font:[Asset: fonts/LiberationSansNarrow-Bold.ttf from mod [ModFolder: C:\Users\Gobrosse\git\chunkstories-amd-driver-crash\res]]fontSize: 16.5
2018-12-10 21:18:09,318 DEBUG [client.vulkan] [Main thread] [VulkanGraphicsBackend.kt:273] You get a cookie for not making the validation layer unhappy :)
2018-12-10 21:18:09,322 DEBUG [client.vulkan] [Main thread] [VulkanGraphicsBackend.kt:278] Successfully finished cleaning up Vulkan objects
2018-12-10 21:18:09,337 INFO [sound] [Thread-0] [ALSoundManager.kt:213] OpenAL properly shut down.
